-- The C compiler identification is GNU 13.1.0
-- The CXX compiler identification is GNU 13.1.0
-- Detecting C compiler ABI info
-- Detecting C compiler ABI info - done
-- Check for working C compiler: /usr/bin/cc - skipped
-- Detecting C compile features
-- Detecting C compile features - done
-- Detecting CXX compiler ABI info
-- Detecting CXX compiler ABI info - done
-- Check for working CXX compiler: /usr/bin/c++ - skipped
-- Detecting CXX compile features
-- Detecting CXX compile features - done
-- Found ament_cmake: 1.3.9 (/opt/ros/humble/share/ament_cmake/cmake)
-- Found Python3: /home/xavi/.pyenv/shims/python3 (found version "3.10.12") found components: Interpreter 
-- Found rclcpp: 16.0.9 (/opt/ros/humble/share/rclcpp/cmake)
-- Found rosidl_generator_c: 3.1.5 (/opt/ros/humble/share/rosidl_generator_c/cmake)
-- Found rosidl_adapter: 3.1.5 (/opt/ros/humble/share/rosidl_adapter/cmake)
-- Found rosidl_generator_cpp: 3.1.5 (/opt/ros/humble/share/rosidl_generator_cpp/cmake)
-- Using all available rosidl_typesupport_c: rosidl_typesupport_fastrtps_c;rosidl_typesupport_introspection_c
-- Using all available rosidl_typesupport_cpp: rosidl_typesupport_fastrtps_cpp;rosidl_typesupport_introspection_cpp
-- Found rmw_implementation_cmake: 6.1.2 (/opt/ros/humble/share/rmw_implementation_cmake/cmake)
-- Found rmw_fastrtps_cpp: 6.2.6 (/opt/ros/humble/share/rmw_fastrtps_cpp/cmake)
-- Found OpenSSL: /usr/lib/x86_64-linux-gnu/libcrypto.so (found version "3.0.2")  
-- Found FastRTPS: /opt/ros/humble/include  
-- Using RMW implementation 'rmw_fastrtps_cpp' as default
-- Looking for pthread.h
-- Looking for pthread.h - found
-- Performing Test CMAKE_HAVE_LIBC_PTHREAD
-- Performing Test CMAKE_HAVE_LIBC_PTHREAD - Success
-- Found Threads: TRUE  
-- Found geometry_msgs: 4.2.4 (/opt/ros/humble/share/geometry_msgs/cmake)
-- Found rosidl_default_generators: 1.2.0 (/opt/ros/humble/share/rosidl_default_generators/cmake)
-- Found sensor_msgs: 4.2.4 (/opt/ros/humble/share/sensor_msgs/cmake)
-- Found ament_cmake_ros: 0.10.0 (/opt/ros/humble/share/ament_cmake_ros/cmake)
-- Using all available rosidl_typesupport_c: rosidl_typesupport_fastrtps_c;rosidl_typesupport_introspection_c
-- Using all available rosidl_typesupport_cpp: rosidl_typesupport_fastrtps_cpp;rosidl_typesupport_introspection_cpp
-- Found PythonInterp: /home/xavi/.pyenv/shims/python3 (found suitable version "3.10.12", minimum required is "3.6") 
-- Found python_cmake_module: 0.10.0 (/opt/ros/humble/share/python_cmake_module/cmake)
-- Found PythonLibs: /usr/lib/x86_64-linux-gnu/libpython3.10.so (found suitable version "3.10.12", minimum required is "3.5") 
-- Using PYTHON_EXECUTABLE: /home/xavi/.pyenv/shims/python3
-- Using PYTHON_INCLUDE_DIRS: /usr/include/python3.10
-- Using PYTHON_LIBRARIES: /usr/lib/x86_64-linux-gnu/libpython3.10.so
-- Found PythonExtra: .so  
-- Found ament_lint_auto: 0.12.11 (/opt/ros/humble/share/ament_lint_auto/cmake)
-- Configuring done
-- Generating done
-- Build files have been written to: /home/xavi/yolov9_ros/build/yolov9_msgs
[  3%] [34m[1mGenerating C code for ROS interfaces[0m
[  6%] [34m[1mGenerating C++ code for ROS interfaces[0m
[  6%] Built target ament_cmake_python_copy_yolov9_msgs
[  6%] Built target yolov9_msgs__cpp
[  9%] [32mBuilding C object CMakeFiles/yolov9_msgs__rosidl_generator_c.dir/rosidl_generator_c/yolov9_msgs/msg/detail/yolo_detection__functions.c.o[0m
[ 16%] [34m[1mGenerating C++ type support for eProsima Fast-RTPS[0m
[ 16%] [34m[1mGenerating C++ type support dispatch for ROS interfaces[0m
[ 19%] [34m[1mGenerating C++ introspection for ROS interfaces[0m
[ 22%] [32m[1mLinking C shared library libyolov9_msgs__rosidl_generator_c.so[0m
running egg_info
creating yolov9_msgs.egg-info
writing yolov9_msgs.egg-info/PKG-INFO
writing dependency_links to yolov9_msgs.egg-info/dependency_links.txt
writing top-level names to yolov9_msgs.egg-info/top_level.txt
writing manifest file 'yolov9_msgs.egg-info/SOURCES.txt'
[ 22%] Built target yolov9_msgs__rosidl_generator_c
[ 25%] [34m[1mGenerating C type support for eProsima Fast-RTPS[0m
[ 29%] [34m[1mGenerating C introspection for ROS interfaces[0m
reading manifest file 'yolov9_msgs.egg-info/SOURCES.txt'
writing manifest file 'yolov9_msgs.egg-info/SOURCES.txt'
[ 32%] [34m[1mGenerating C type support dispatch for ROS interfaces[0m
[ 32%] Built target ament_cmake_python_build_yolov9_msgs_egg
[ 35%] [32mBuilding CXX object CMakeFiles/yolov9_msgs__rosidl_typesupport_cpp.dir/rosidl_typesupport_cpp/yolov9_msgs/msg/yolo_detection__type_support.cpp.o[0m
[ 38%] [32mBuilding CXX object CMakeFiles/yolov9_msgs__rosidl_typesupport_fastrtps_cpp.dir/rosidl_typesupport_fastrtps_cpp/yolov9_msgs/msg/detail/dds_fastrtps/yolo_detection__type_support.cpp.o[0m
[ 41%] [32mBuilding CXX object CMakeFiles/yolov9_msgs__rosidl_typesupport_introspection_cpp.dir/rosidl_typesupport_introspection_cpp/yolov9_msgs/msg/detail/yolo_detection__type_support.cpp.o[0m
[ 45%] [32mBuilding CXX object CMakeFiles/yolov9_msgs__rosidl_typesupport_c.dir/rosidl_typesupport_c/yolov9_msgs/msg/yolo_detection__type_support.cpp.o[0m
[ 48%] [32mBuilding CXX object CMakeFiles/yolov9_msgs__rosidl_typesupport_fastrtps_c.dir/rosidl_typesupport_fastrtps_c/yolov9_msgs/msg/detail/yolo_detection__type_support_c.cpp.o[0m
[ 51%] [32mBuilding C object CMakeFiles/yolov9_msgs__rosidl_typesupport_introspection_c.dir/rosidl_typesupport_introspection_c/yolov9_msgs/msg/detail/yolo_detection__type_support.c.o[0m
[ 54%] [32m[1mLinking CXX shared library libyolov9_msgs__rosidl_typesupport_c.so[0m
[ 58%] [32m[1mLinking C shared library libyolov9_msgs__rosidl_typesupport_introspection_c.so[0m
[ 58%] Built target yolov9_msgs__rosidl_typesupport_c
[ 58%] Built target yolov9_msgs__rosidl_typesupport_introspection_c
[ 61%] [32m[1mLinking CXX shared library libyolov9_msgs__rosidl_typesupport_cpp.so[0m
[ 61%] Built target yolov9_msgs__rosidl_typesupport_cpp
[ 64%] [32m[1mLinking CXX shared library libyolov9_msgs__rosidl_typesupport_introspection_cpp.so[0m
[ 64%] Built target yolov9_msgs__rosidl_typesupport_introspection_cpp
[ 67%] [32m[1mLinking CXX shared library libyolov9_msgs__rosidl_typesupport_fastrtps_cpp.so[0m
[ 70%] [32m[1mLinking CXX shared library libyolov9_msgs__rosidl_typesupport_fastrtps_c.so[0m
[ 70%] Built target yolov9_msgs__rosidl_typesupport_fastrtps_cpp
[ 70%] Built target yolov9_msgs__rosidl_typesupport_fastrtps_c
[ 70%] Built target yolov9_msgs
[ 74%] [34m[1mGenerating Python code for ROS interfaces[0m
[ 74%] Built target yolov9_msgs__py
[ 77%] [32mBuilding C object CMakeFiles/yolov9_msgs__rosidl_generator_py.dir/rosidl_generator_py/yolov9_msgs/msg/_yolo_detection_s.c.o[0m
[ 80%] [32m[1mLinking C shared library rosidl_generator_py/yolov9_msgs/libyolov9_msgs__rosidl_generator_py.so[0m
[ 80%] Built target yolov9_msgs__rosidl_generator_py
[ 83%] [32mBuilding C object CMakeFiles/yolov9_msgs__rosidl_typesupport_fastrtps_c__pyext.dir/rosidl_generator_py/yolov9_msgs/_yolov9_msgs_s.ep.rosidl_typesupport_fastrtps_c.c.o[0m
[ 87%] [32mBuilding C object CMakeFiles/yolov9_msgs__rosidl_typesupport_introspection_c__pyext.dir/rosidl_generator_py/yolov9_msgs/_yolov9_msgs_s.ep.rosidl_typesupport_introspection_c.c.o[0m
[ 90%] [32mBuilding C object CMakeFiles/yolov9_msgs__rosidl_typesupport_c__pyext.dir/rosidl_generator_py/yolov9_msgs/_yolov9_msgs_s.ep.rosidl_typesupport_c.c.o[0m
[100%] [32m[1mLinking C shared library rosidl_generator_py/yolov9_msgs/yolov9_msgs_s__rosidl_typesupport_c.cpython-310-x86_64-linux-gnu.so[0m
[100%] [32m[1mLinking C shared library rosidl_generator_py/yolov9_msgs/yolov9_msgs_s__rosidl_typesupport_fastrtps_c.cpython-310-x86_64-linux-gnu.so[0m
[100%] [32m[1mLinking C shared library rosidl_generator_py/yolov9_msgs/yolov9_msgs_s__rosidl_typesupport_introspection_c.cpython-310-x86_64-linux-gnu.so[0m
[100%] Built target yolov9_msgs__rosidl_typesupport_fastrtps_c__pyext
[100%] Built target yolov9_msgs__rosidl_typesupport_introspection_c__pyext
[100%] Built target yolov9_msgs__rosidl_typesupport_c__pyext
-- Install configuration: ""
-- Installing: /home/xavi/yolov9_ros/install/yolov9_msgs/share/ament_index/resource_index/rosidl_interfaces/yolov9_msgs
-- Installing: /home/xavi/yolov9_ros/install/yolov9_msgs/include/yolov9_msgs/yolov9_msgs
-- Installing: /home/xavi/yolov9_ros/install/yolov9_msgs/include/yolov9_msgs/yolov9_msgs/msg
-- Installing: /home/xavi/yolov9_ros/install/yolov9_msgs/include/yolov9_msgs/yolov9_msgs/msg/detail
-- Installing: /home/xavi/yolov9_ros/install/yolov9_msgs/include/yolov9_msgs/yolov9_msgs/msg/detail/yolo_detection__functions.h
-- Installing: /home/xavi/yolov9_ros/install/yolov9_msgs/include/yolov9_msgs/yolov9_msgs/msg/detail/yolo_detection__functions.c
-- Installing: /home/xavi/yolov9_ros/install/yolov9_msgs/include/yolov9_msgs/yolov9_msgs/msg/detail/yolo_detection__type_support.h
-- Installing: /home/xavi/yolov9_ros/install/yolov9_msgs/include/yolov9_msgs/yolov9_msgs/msg/detail/yolo_detection__struct.h
-- Installing: /home/xavi/yolov9_ros/install/yolov9_msgs/include/yolov9_msgs/yolov9_msgs/msg/yolo_detection.h
-- Installing: /home/xavi/yolov9_ros/install/yolov9_msgs/include/yolov9_msgs/yolov9_msgs/msg/rosidl_generator_c__visibility_control.h
-- Installing: /home/xavi/yolov9_ros/install/yolov9_msgs/share/yolov9_msgs/environment/library_path.sh
-- Installing: /home/xavi/yolov9_ros/install/yolov9_msgs/share/yolov9_msgs/environment/library_path.dsv
-- Installing: /home/xavi/yolov9_ros/install/yolov9_msgs/lib/libyolov9_msgs__rosidl_generator_c.so
-- Set runtime path of "/home/xavi/yolov9_ros/install/yolov9_msgs/lib/libyolov9_msgs__rosidl_generator_c.so" to ""
-- Up-to-date: /home/xavi/yolov9_ros/install/yolov9_msgs/include/yolov9_msgs/yolov9_msgs
-- Up-to-date: /home/xavi/yolov9_ros/install/yolov9_msgs/include/yolov9_msgs/yolov9_msgs/msg
-- Installing: /home/xavi/yolov9_ros/install/yolov9_msgs/include/yolov9_msgs/yolov9_msgs/msg/rosidl_typesupport_fastrtps_c__visibility_control.h
-- Up-to-date: /home/xavi/yolov9_ros/install/yolov9_msgs/include/yolov9_msgs/yolov9_msgs/msg/detail
-- Installing: /home/xavi/yolov9_ros/install/yolov9_msgs/include/yolov9_msgs/yolov9_msgs/msg/detail/yolo_detection__rosidl_typesupport_fastrtps_c.h
-- Installing: /home/xavi/yolov9_ros/install/yolov9_msgs/lib/libyolov9_msgs__rosidl_typesupport_fastrtps_c.so
-- Set runtime path of "/home/xavi/yolov9_ros/install/yolov9_msgs/lib/libyolov9_msgs__rosidl_typesupport_fastrtps_c.so" to ""
-- Up-to-date: /home/xavi/yolov9_ros/install/yolov9_msgs/include/yolov9_msgs/yolov9_msgs
-- Up-to-date: /home/xavi/yolov9_ros/install/yolov9_msgs/include/yolov9_msgs/yolov9_msgs/msg
-- Installing: /home/xavi/yolov9_ros/install/yolov9_msgs/include/yolov9_msgs/yolov9_msgs/msg/yolo_detection.hpp
-- Up-to-date: /home/xavi/yolov9_ros/install/yolov9_msgs/include/yolov9_msgs/yolov9_msgs/msg/detail
-- Installing: /home/xavi/yolov9_ros/install/yolov9_msgs/include/yolov9_msgs/yolov9_msgs/msg/detail/yolo_detection__builder.hpp
-- Installing: /home/xavi/yolov9_ros/install/yolov9_msgs/include/yolov9_msgs/yolov9_msgs/msg/detail/yolo_detection__struct.hpp
-- Installing: /home/xavi/yolov9_ros/install/yolov9_msgs/include/yolov9_msgs/yolov9_msgs/msg/detail/yolo_detection__traits.hpp
-- Up-to-date: /home/xavi/yolov9_ros/install/yolov9_msgs/include/yolov9_msgs/yolov9_msgs
-- Up-to-date: /home/xavi/yolov9_ros/install/yolov9_msgs/include/yolov9_msgs/yolov9_msgs/msg
-- Up-to-date: /home/xavi/yolov9_ros/install/yolov9_msgs/include/yolov9_msgs/yolov9_msgs/msg/detail
-- Installing: /home/xavi/yolov9_ros/install/yolov9_msgs/include/yolov9_msgs/yolov9_msgs/msg/detail/yolo_detection__rosidl_typesupport_fastrtps_cpp.hpp
-- Installing: /home/xavi/yolov9_ros/install/yolov9_msgs/include/yolov9_msgs/yolov9_msgs/msg/detail/dds_fastrtps
-- Installing: /home/xavi/yolov9_ros/install/yolov9_msgs/include/yolov9_msgs/yolov9_msgs/msg/rosidl_typesupport_fastrtps_cpp__visibility_control.h
-- Installing: /home/xavi/yolov9_ros/install/yolov9_msgs/lib/libyolov9_msgs__rosidl_typesupport_fastrtps_cpp.so
-- Set runtime path of "/home/xavi/yolov9_ros/install/yolov9_msgs/lib/libyolov9_msgs__rosidl_typesupport_fastrtps_cpp.so" to ""
-- Up-to-date: /home/xavi/yolov9_ros/install/yolov9_msgs/include/yolov9_msgs/yolov9_msgs
-- Up-to-date: /home/xavi/yolov9_ros/install/yolov9_msgs/include/yolov9_msgs/yolov9_msgs/msg
-- Up-to-date: /home/xavi/yolov9_ros/install/yolov9_msgs/include/yolov9_msgs/yolov9_msgs/msg/detail
-- Installing: /home/xavi/yolov9_ros/install/yolov9_msgs/include/yolov9_msgs/yolov9_msgs/msg/detail/yolo_detection__rosidl_typesupport_introspection_c.h
-- Installing: /home/xavi/yolov9_ros/install/yolov9_msgs/include/yolov9_msgs/yolov9_msgs/msg/detail/yolo_detection__type_support.c
-- Installing: /home/xavi/yolov9_ros/install/yolov9_msgs/include/yolov9_msgs/yolov9_msgs/msg/rosidl_typesupport_introspection_c__visibility_control.h
-- Installing: /home/xavi/yolov9_ros/install/yolov9_msgs/lib/libyolov9_msgs__rosidl_typesupport_introspection_c.so
-- Set runtime path of "/home/xavi/yolov9_ros/install/yolov9_msgs/lib/libyolov9_msgs__rosidl_typesupport_introspection_c.so" to ""
-- Installing: /home/xavi/yolov9_ros/install/yolov9_msgs/lib/libyolov9_msgs__rosidl_typesupport_c.so
-- Set runtime path of "/home/xavi/yolov9_ros/install/yolov9_msgs/lib/libyolov9_msgs__rosidl_typesupport_c.so" to ""
-- Up-to-date: /home/xavi/yolov9_ros/install/yolov9_msgs/include/yolov9_msgs/yolov9_msgs
-- Up-to-date: /home/xavi/yolov9_ros/install/yolov9_msgs/include/yolov9_msgs/yolov9_msgs/msg
-- Up-to-date: /home/xavi/yolov9_ros/install/yolov9_msgs/include/yolov9_msgs/yolov9_msgs/msg/detail
-- Installing: /home/xavi/yolov9_ros/install/yolov9_msgs/include/yolov9_msgs/yolov9_msgs/msg/detail/yolo_detection__rosidl_typesupport_introspection_cpp.hpp
-- Installing: /home/xavi/yolov9_ros/install/yolov9_msgs/include/yolov9_msgs/yolov9_msgs/msg/detail/yolo_detection__type_support.cpp
-- Installing: /home/xavi/yolov9_ros/install/yolov9_msgs/lib/libyolov9_msgs__rosidl_typesupport_introspection_cpp.so
-- Set runtime path of "/home/xavi/yolov9_ros/install/yolov9_msgs/lib/libyolov9_msgs__rosidl_typesupport_introspection_cpp.so" to ""
-- Installing: /home/xavi/yolov9_ros/install/yolov9_msgs/lib/libyolov9_msgs__rosidl_typesupport_cpp.so
-- Set runtime path of "/home/xavi/yolov9_ros/install/yolov9_msgs/lib/libyolov9_msgs__rosidl_typesupport_cpp.so" to ""
-- Installing: /home/xavi/yolov9_ros/install/yolov9_msgs/share/yolov9_msgs/environment/pythonpath.sh
-- Installing: /home/xavi/yolov9_ros/install/yolov9_msgs/share/yolov9_msgs/environment/pythonpath.dsv
-- Installing: /home/xavi/yolov9_ros/install/yolov9_msgs/local/lib/python3.10/dist-packages/yolov9_msgs-0.0.0-py3.10.egg-info
-- Installing: /home/xavi/yolov9_ros/install/yolov9_msgs/local/lib/python3.10/dist-packages/yolov9_msgs-0.0.0-py3.10.egg-info/PKG-INFO
-- Installing: /home/xavi/yolov9_ros/install/yolov9_msgs/local/lib/python3.10/dist-packages/yolov9_msgs-0.0.0-py3.10.egg-info/dependency_links.txt
-- Installing: /home/xavi/yolov9_ros/install/yolov9_msgs/local/lib/python3.10/dist-packages/yolov9_msgs-0.0.0-py3.10.egg-info/top_level.txt
-- Installing: /home/xavi/yolov9_ros/install/yolov9_msgs/local/lib/python3.10/dist-packages/yolov9_msgs-0.0.0-py3.10.egg-info/SOURCES.txt
-- Installing: /home/xavi/yolov9_ros/install/yolov9_msgs/local/lib/python3.10/dist-packages/yolov9_msgs
-- Installing: /home/xavi/yolov9_ros/install/yolov9_msgs/local/lib/python3.10/dist-packages/yolov9_msgs/libyolov9_msgs__rosidl_generator_py.so
-- Installing: /home/xavi/yolov9_ros/install/yolov9_msgs/local/lib/python3.10/dist-packages/yolov9_msgs/yolov9_msgs_s__rosidl_typesupport_fastrtps_c.cpython-310-x86_64-linux-gnu.so
-- Installing: /home/xavi/yolov9_ros/install/yolov9_msgs/local/lib/python3.10/dist-packages/yolov9_msgs/__init__.py
-- Installing: /home/xavi/yolov9_ros/install/yolov9_msgs/local/lib/python3.10/dist-packages/yolov9_msgs/_yolov9_msgs_s.ep.rosidl_typesupport_introspection_c.c
-- Installing: /home/xavi/yolov9_ros/install/yolov9_msgs/local/lib/python3.10/dist-packages/yolov9_msgs/_yolov9_msgs_s.ep.rosidl_typesupport_fastrtps_c.c
-- Installing: /home/xavi/yolov9_ros/install/yolov9_msgs/local/lib/python3.10/dist-packages/yolov9_msgs/yolov9_msgs_s__rosidl_typesupport_c.cpython-310-x86_64-linux-gnu.so
-- Installing: /home/xavi/yolov9_ros/install/yolov9_msgs/local/lib/python3.10/dist-packages/yolov9_msgs/_yolov9_msgs_s.ep.rosidl_typesupport_c.c
-- Installing: /home/xavi/yolov9_ros/install/yolov9_msgs/local/lib/python3.10/dist-packages/yolov9_msgs/yolov9_msgs_s__rosidl_typesupport_introspection_c.cpython-310-x86_64-linux-gnu.so
-- Installing: /home/xavi/yolov9_ros/install/yolov9_msgs/local/lib/python3.10/dist-packages/yolov9_msgs/msg
-- Installing: /home/xavi/yolov9_ros/install/yolov9_msgs/local/lib/python3.10/dist-packages/yolov9_msgs/msg/_yolo_detection.py
-- Installing: /home/xavi/yolov9_ros/install/yolov9_msgs/local/lib/python3.10/dist-packages/yolov9_msgs/msg/__init__.py
-- Installing: /home/xavi/yolov9_ros/install/yolov9_msgs/local/lib/python3.10/dist-packages/yolov9_msgs/msg/_yolo_detection_s.c
Listing '/home/xavi/yolov9_ros/install/yolov9_msgs/local/lib/python3.10/dist-packages/yolov9_msgs'...
Compiling '/home/xavi/yolov9_ros/install/yolov9_msgs/local/lib/python3.10/dist-packages/yolov9_msgs/__init__.py'...
Listing '/home/xavi/yolov9_ros/install/yolov9_msgs/local/lib/python3.10/dist-packages/yolov9_msgs/msg'...
Compiling '/home/xavi/yolov9_ros/install/yolov9_msgs/local/lib/python3.10/dist-packages/yolov9_msgs/msg/__init__.py'...
Compiling '/home/xavi/yolov9_ros/install/yolov9_msgs/local/lib/python3.10/dist-packages/yolov9_msgs/msg/_yolo_detection.py'...
-- Installing: /home/xavi/yolov9_ros/install/yolov9_msgs/local/lib/python3.10/dist-packages/yolov9_msgs/yolov9_msgs_s__rosidl_typesupport_fastrtps_c.cpython-310-x86_64-linux-gnu.so
-- Set runtime path of "/home/xavi/yolov9_ros/install/yolov9_msgs/local/lib/python3.10/dist-packages/yolov9_msgs/yolov9_msgs_s__rosidl_typesupport_fastrtps_c.cpython-310-x86_64-linux-gnu.so" to ""
-- Installing: /home/xavi/yolov9_ros/install/yolov9_msgs/local/lib/python3.10/dist-packages/yolov9_msgs/yolov9_msgs_s__rosidl_typesupport_introspection_c.cpython-310-x86_64-linux-gnu.so
-- Set runtime path of "/home/xavi/yolov9_ros/install/yolov9_msgs/local/lib/python3.10/dist-packages/yolov9_msgs/yolov9_msgs_s__rosidl_typesupport_introspection_c.cpython-310-x86_64-linux-gnu.so" to ""
-- Installing: /home/xavi/yolov9_ros/install/yolov9_msgs/local/lib/python3.10/dist-packages/yolov9_msgs/yolov9_msgs_s__rosidl_typesupport_c.cpython-310-x86_64-linux-gnu.so
-- Set runtime path of "/home/xavi/yolov9_ros/install/yolov9_msgs/local/lib/python3.10/dist-packages/yolov9_msgs/yolov9_msgs_s__rosidl_typesupport_c.cpython-310-x86_64-linux-gnu.so" to ""
-- Installing: /home/xavi/yolov9_ros/install/yolov9_msgs/lib/libyolov9_msgs__rosidl_generator_py.so
-- Set runtime path of "/home/xavi/yolov9_ros/install/yolov9_msgs/lib/libyolov9_msgs__rosidl_generator_py.so" to ""
-- Installing: /home/xavi/yolov9_ros/install/yolov9_msgs/share/yolov9_msgs/msg/YoloDetection.idl
-- Installing: /home/xavi/yolov9_ros/install/yolov9_msgs/share/yolov9_msgs/msg/YoloDetection.msg
-- Installing: /home/xavi/yolov9_ros/install/yolov9_msgs/share/ament_index/resource_index/package_run_dependencies/yolov9_msgs
-- Installing: /home/xavi/yolov9_ros/install/yolov9_msgs/share/ament_index/resource_index/parent_prefix_path/yolov9_msgs
-- Installing: /home/xavi/yolov9_ros/install/yolov9_msgs/share/yolov9_msgs/environment/ament_prefix_path.sh
-- Installing: /home/xavi/yolov9_ros/install/yolov9_msgs/share/yolov9_msgs/environment/ament_prefix_path.dsv
-- Installing: /home/xavi/yolov9_ros/install/yolov9_msgs/share/yolov9_msgs/environment/path.sh
-- Installing: /home/xavi/yolov9_ros/install/yolov9_msgs/share/yolov9_msgs/environment/path.dsv
-- Installing: /home/xavi/yolov9_ros/install/yolov9_msgs/share/yolov9_msgs/local_setup.bash
-- Installing: /home/xavi/yolov9_ros/install/yolov9_msgs/share/yolov9_msgs/local_setup.sh
-- Installing: /home/xavi/yolov9_ros/install/yolov9_msgs/share/yolov9_msgs/local_setup.zsh
-- Installing: /home/xavi/yolov9_ros/install/yolov9_msgs/share/yolov9_msgs/local_setup.dsv
-- Installing: /home/xavi/yolov9_ros/install/yolov9_msgs/share/yolov9_msgs/package.dsv
-- Installing: /home/xavi/yolov9_ros/install/yolov9_msgs/share/ament_index/resource_index/packages/yolov9_msgs
-- Installing: /home/xavi/yolov9_ros/install/yolov9_msgs/share/yolov9_msgs/cmake/export_yolov9_msgs__rosidl_generator_cExport.cmake
-- Installing: /home/xavi/yolov9_ros/install/yolov9_msgs/share/yolov9_msgs/cmake/export_yolov9_msgs__rosidl_generator_cExport-noconfig.cmake
-- Installing: /home/xavi/yolov9_ros/install/yolov9_msgs/share/yolov9_msgs/cmake/export_yolov9_msgs__rosidl_typesupport_fastrtps_cExport.cmake
-- Installing: /home/xavi/yolov9_ros/install/yolov9_msgs/share/yolov9_msgs/cmake/export_yolov9_msgs__rosidl_typesupport_fastrtps_cExport-noconfig.cmake
-- Installing: /home/xavi/yolov9_ros/install/yolov9_msgs/share/yolov9_msgs/cmake/export_yolov9_msgs__rosidl_generator_cppExport.cmake
-- Installing: /home/xavi/yolov9_ros/install/yolov9_msgs/share/yolov9_msgs/cmake/export_yolov9_msgs__rosidl_typesupport_fastrtps_cppExport.cmake
-- Installing: /home/xavi/yolov9_ros/install/yolov9_msgs/share/yolov9_msgs/cmake/export_yolov9_msgs__rosidl_typesupport_fastrtps_cppExport-noconfig.cmake
-- Installing: /home/xavi/yolov9_ros/install/yolov9_msgs/share/yolov9_msgs/cmake/yolov9_msgs__rosidl_typesupport_introspection_cExport.cmake
-- Installing: /home/xavi/yolov9_ros/install/yolov9_msgs/share/yolov9_msgs/cmake/yolov9_msgs__rosidl_typesupport_introspection_cExport-noconfig.cmake
-- Installing: /home/xavi/yolov9_ros/install/yolov9_msgs/share/yolov9_msgs/cmake/yolov9_msgs__rosidl_typesupport_cExport.cmake
-- Installing: /home/xavi/yolov9_ros/install/yolov9_msgs/share/yolov9_msgs/cmake/yolov9_msgs__rosidl_typesupport_cExport-noconfig.cmake
-- Installing: /home/xavi/yolov9_ros/install/yolov9_msgs/share/yolov9_msgs/cmake/yolov9_msgs__rosidl_typesupport_introspection_cppExport.cmake
-- Installing: /home/xavi/yolov9_ros/install/yolov9_msgs/share/yolov9_msgs/cmake/yolov9_msgs__rosidl_typesupport_introspection_cppExport-noconfig.cmake
-- Installing: /home/xavi/yolov9_ros/install/yolov9_msgs/share/yolov9_msgs/cmake/yolov9_msgs__rosidl_typesupport_cppExport.cmake
-- Installing: /home/xavi/yolov9_ros/install/yolov9_msgs/share/yolov9_msgs/cmake/yolov9_msgs__rosidl_typesupport_cppExport-noconfig.cmake
-- Installing: /home/xavi/yolov9_ros/install/yolov9_msgs/share/yolov9_msgs/cmake/export_yolov9_msgs__rosidl_generator_pyExport.cmake
-- Installing: /home/xavi/yolov9_ros/install/yolov9_msgs/share/yolov9_msgs/cmake/export_yolov9_msgs__rosidl_generator_pyExport-noconfig.cmake
-- Installing: /home/xavi/yolov9_ros/install/yolov9_msgs/share/yolov9_msgs/cmake/rosidl_cmake-extras.cmake
-- Installing: /home/xavi/yolov9_ros/install/yolov9_msgs/share/yolov9_msgs/cmake/ament_cmake_export_dependencies-extras.cmake
-- Installing: /home/xavi/yolov9_ros/install/yolov9_msgs/share/yolov9_msgs/cmake/ament_cmake_export_include_directories-extras.cmake
-- Installing: /home/xavi/yolov9_ros/install/yolov9_msgs/share/yolov9_msgs/cmake/ament_cmake_export_libraries-extras.cmake
-- Installing: /home/xavi/yolov9_ros/install/yolov9_msgs/share/yolov9_msgs/cmake/ament_cmake_export_targets-extras.cmake
-- Installing: /home/xavi/yolov9_ros/install/yolov9_msgs/share/yolov9_msgs/cmake/rosidl_cmake_export_typesupport_targets-extras.cmake
-- Installing: /home/xavi/yolov9_ros/install/yolov9_msgs/share/yolov9_msgs/cmake/rosidl_cmake_export_typesupport_libraries-extras.cmake
-- Installing: /home/xavi/yolov9_ros/install/yolov9_msgs/share/yolov9_msgs/cmake/yolov9_msgsConfig.cmake
-- Installing: /home/xavi/yolov9_ros/install/yolov9_msgs/share/yolov9_msgs/cmake/yolov9_msgsConfig-version.cmake
-- Installing: /home/xavi/yolov9_ros/install/yolov9_msgs/share/yolov9_msgs/package.xml
