[0.485s] Invoking command in '/home/xavi/yolov9_ros/build/yolov9_msgs': CMAKE_PREFIX_PATH=${CMAKE_PREFIX_PATH}:/home/xavi/yolov9_ros/install/yolov9:/home/xavi/ROSBOAT_GUI/install/rosboat_gui:/home/xavi/FAU_GUI/install/fau_gui:/home/xavi/High_Level1/install/yolov9:/home/xavi/High_Level1/install/yolov8_ros:/home/xavi/High_Level1/install/vision_py:/opt/ros/humble /usr/bin/cmake /home/xavi/yolov9_ros/src/yolov9_msgs -DCMAKE_INSTALL_PREFIX=/home/xavi/yolov9_ros/install/yolov9_msgs
[0.528s] -- The C compiler identification is GNU 13.1.0
[0.570s] -- The CXX compiler identification is GNU 13.1.0
[0.575s] -- Detecting C compiler ABI info
[0.628s] -- Detecting C compiler ABI info - done
[0.634s] -- Check for working C compiler: /usr/bin/cc - skipped
[0.634s] -- Detecting C compile features
[0.634s] -- Detecting C compile features - done
[0.636s] -- Detecting CXX compiler ABI info
[0.697s] -- Detecting CXX compiler ABI info - done
[0.702s] -- Check for working CXX compiler: /usr/bin/c++ - skipped
[0.702s] -- Detecting CXX compile features
[0.702s] -- Detecting CXX compile features - done
[0.704s] -- Found ament_cmake: 1.3.9 (/opt/ros/humble/share/ament_cmake/cmake)
[1.251s] -- Found Python3: /home/xavi/.pyenv/shims/python3 (found version "3.10.12") found components: Interpreter 
[1.430s] -- Found rclcpp: 16.0.9 (/opt/ros/humble/share/rclcpp/cmake)
[1.469s] -- Found rosidl_generator_c: 3.1.5 (/opt/ros/humble/share/rosidl_generator_c/cmake)
[1.474s] -- Found rosidl_adapter: 3.1.5 (/opt/ros/humble/share/rosidl_adapter/cmake)
[1.481s] -- Found rosidl_generator_cpp: 3.1.5 (/opt/ros/humble/share/rosidl_generator_cpp/cmake)
[1.493s] -- Using all available rosidl_typesupport_c: rosidl_typesupport_fastrtps_c;rosidl_typesupport_introspection_c
[1.508s] -- Using all available rosidl_typesupport_cpp: rosidl_typesupport_fastrtps_cpp;rosidl_typesupport_introspection_cpp
[1.563s] -- Found rmw_implementation_cmake: 6.1.2 (/opt/ros/humble/share/rmw_implementation_cmake/cmake)
[1.566s] -- Found rmw_fastrtps_cpp: 6.2.6 (/opt/ros/humble/share/rmw_fastrtps_cpp/cmake)
[1.648s] -- Found OpenSSL: /usr/lib/x86_64-linux-gnu/libcrypto.so (found version "3.0.2")  
[1.670s] -- Found FastRTPS: /opt/ros/humble/include  
[1.705s] -- Using RMW implementation 'rmw_fastrtps_cpp' as default
[1.714s] -- Looking for pthread.h
[1.783s] -- Looking for pthread.h - found
[1.783s] -- Performing Test CMAKE_HAVE_LIBC_PTHREAD
[1.865s] -- Performing Test CMAKE_HAVE_LIBC_PTHREAD - Success
[1.866s] -- Found Threads: TRUE  
[1.975s] -- Found geometry_msgs: 4.2.4 (/opt/ros/humble/share/geometry_msgs/cmake)
[2.004s] -- Found rosidl_default_generators: 1.2.0 (/opt/ros/humble/share/rosidl_default_generators/cmake)
[2.013s] -- Found sensor_msgs: 4.2.4 (/opt/ros/humble/share/sensor_msgs/cmake)
[2.690s] -- Found ament_cmake_ros: 0.10.0 (/opt/ros/humble/share/ament_cmake_ros/cmake)
[3.529s] -- Using all available rosidl_typesupport_c: rosidl_typesupport_fastrtps_c;rosidl_typesupport_introspection_c
[3.869s] -- Using all available rosidl_typesupport_cpp: rosidl_typesupport_fastrtps_cpp;rosidl_typesupport_introspection_cpp
[3.984s] -- Found PythonInterp: /home/xavi/.pyenv/shims/python3 (found suitable version "3.10.12", minimum required is "3.6") 
[3.987s] -- Found python_cmake_module: 0.10.0 (/opt/ros/humble/share/python_cmake_module/cmake)
[4.100s] -- Found PythonLibs: /usr/lib/x86_64-linux-gnu/libpython3.10.so (found suitable version "3.10.12", minimum required is "3.5") 
[4.100s] -- Using PYTHON_EXECUTABLE: /home/xavi/.pyenv/shims/python3
[4.100s] -- Using PYTHON_INCLUDE_DIRS: /usr/include/python3.10
[4.100s] -- Using PYTHON_LIBRARIES: /usr/lib/x86_64-linux-gnu/libpython3.10.so
[4.223s] -- Found PythonExtra: .so  
[4.378s] -- Found ament_lint_auto: 0.12.11 (/opt/ros/humble/share/ament_lint_auto/cmake)
[4.389s] -- Configuring done
[4.409s] -- Generating done
[4.410s] -- Build files have been written to: /home/xavi/yolov9_ros/build/yolov9_msgs
[4.419s] Invoked command in '/home/xavi/yolov9_ros/build/yolov9_msgs' returned '0': CMAKE_PREFIX_PATH=${CMAKE_PREFIX_PATH}:/home/xavi/yolov9_ros/install/yolov9:/home/xavi/ROSBOAT_GUI/install/rosboat_gui:/home/xavi/FAU_GUI/install/fau_gui:/home/xavi/High_Level1/install/yolov9:/home/xavi/High_Level1/install/yolov8_ros:/home/xavi/High_Level1/install/vision_py:/opt/ros/humble /usr/bin/cmake /home/xavi/yolov9_ros/src/yolov9_msgs -DCMAKE_INSTALL_PREFIX=/home/xavi/yolov9_ros/install/yolov9_msgs
[4.419s] Invoking command in '/home/xavi/yolov9_ros/build/yolov9_msgs': CMAKE_PREFIX_PATH=${CMAKE_PREFIX_PATH}:/home/xavi/yolov9_ros/install/yolov9:/home/xavi/ROSBOAT_GUI/install/rosboat_gui:/home/xavi/FAU_GUI/install/fau_gui:/home/xavi/High_Level1/install/yolov9:/home/xavi/High_Level1/install/yolov8_ros:/home/xavi/High_Level1/install/vision_py:/opt/ros/humble /usr/bin/cmake --build /home/xavi/yolov9_ros/build/yolov9_msgs -- -j20 -l20
[4.456s] [  3%] [34m[1mGenerating C code for ROS interfaces[0m
[4.466s] [  6%] [34m[1mGenerating C++ code for ROS interfaces[0m
[4.471s] [  6%] Built target ament_cmake_python_copy_yolov9_msgs
[4.692s] [  6%] Built target yolov9_msgs__cpp
[4.692s] [  9%] [32mBuilding C object CMakeFiles/yolov9_msgs__rosidl_generator_c.dir/rosidl_generator_c/yolov9_msgs/msg/detail/yolo_detection__functions.c.o[0m
[4.700s] [ 16%] [34m[1mGenerating C++ type support for eProsima Fast-RTPS[0m
[4.700s] [ 16%] [34m[1mGenerating C++ type support dispatch for ROS interfaces[0m
[4.700s] [ 19%] [34m[1mGenerating C++ introspection for ROS interfaces[0m
[4.730s] [ 22%] [32m[1mLinking C shared library libyolov9_msgs__rosidl_generator_c.so[0m
[4.746s] running egg_info
[4.746s] creating yolov9_msgs.egg-info
[4.746s] writing yolov9_msgs.egg-info/PKG-INFO
[4.746s] writing dependency_links to yolov9_msgs.egg-info/dependency_links.txt
[4.746s] writing top-level names to yolov9_msgs.egg-info/top_level.txt
[4.746s] writing manifest file 'yolov9_msgs.egg-info/SOURCES.txt'
[4.757s] [ 22%] Built target yolov9_msgs__rosidl_generator_c
[4.765s] [ 25%] [34m[1mGenerating C type support for eProsima Fast-RTPS[0m
[4.765s] [ 29%] [34m[1mGenerating C introspection for ROS interfaces[0m
[4.766s] reading manifest file 'yolov9_msgs.egg-info/SOURCES.txt'
[4.766s] writing manifest file 'yolov9_msgs.egg-info/SOURCES.txt'
[4.770s] [ 32%] [34m[1mGenerating C type support dispatch for ROS interfaces[0m
[4.790s] [ 32%] Built target ament_cmake_python_build_yolov9_msgs_egg
[4.915s] [ 35%] [32mBuilding CXX object CMakeFiles/yolov9_msgs__rosidl_typesupport_cpp.dir/rosidl_typesupport_cpp/yolov9_msgs/msg/yolo_detection__type_support.cpp.o[0m
[4.935s] [ 38%] [32mBuilding CXX object CMakeFiles/yolov9_msgs__rosidl_typesupport_fastrtps_cpp.dir/rosidl_typesupport_fastrtps_cpp/yolov9_msgs/msg/detail/dds_fastrtps/yolo_detection__type_support.cpp.o[0m
[4.939s] [ 41%] [32mBuilding CXX object CMakeFiles/yolov9_msgs__rosidl_typesupport_introspection_cpp.dir/rosidl_typesupport_introspection_cpp/yolov9_msgs/msg/detail/yolo_detection__type_support.cpp.o[0m
[4.988s] [ 45%] [32mBuilding CXX object CMakeFiles/yolov9_msgs__rosidl_typesupport_c.dir/rosidl_typesupport_c/yolov9_msgs/msg/yolo_detection__type_support.cpp.o[0m
[4.991s] [ 48%] [32mBuilding CXX object CMakeFiles/yolov9_msgs__rosidl_typesupport_fastrtps_c.dir/rosidl_typesupport_fastrtps_c/yolov9_msgs/msg/detail/yolo_detection__type_support_c.cpp.o[0m
[4.996s] [ 51%] [32mBuilding C object CMakeFiles/yolov9_msgs__rosidl_typesupport_introspection_c.dir/rosidl_typesupport_introspection_c/yolov9_msgs/msg/detail/yolo_detection__type_support.c.o[0m
[5.014s] [ 54%] [32m[1mLinking CXX shared library libyolov9_msgs__rosidl_typesupport_c.so[0m
[5.022s] [ 58%] [32m[1mLinking C shared library libyolov9_msgs__rosidl_typesupport_introspection_c.so[0m
[5.043s] [ 58%] Built target yolov9_msgs__rosidl_typesupport_c
[5.045s] [ 58%] Built target yolov9_msgs__rosidl_typesupport_introspection_c
[5.079s] [ 61%] [32m[1mLinking CXX shared library libyolov9_msgs__rosidl_typesupport_cpp.so[0m
[5.109s] [ 61%] Built target yolov9_msgs__rosidl_typesupport_cpp
[5.124s] [ 64%] [32m[1mLinking CXX shared library libyolov9_msgs__rosidl_typesupport_introspection_cpp.so[0m
[5.169s] [ 64%] Built target yolov9_msgs__rosidl_typesupport_introspection_cpp
[5.179s] [ 67%] [32m[1mLinking CXX shared library libyolov9_msgs__rosidl_typesupport_fastrtps_cpp.so[0m
[5.199s] [ 70%] [32m[1mLinking CXX shared library libyolov9_msgs__rosidl_typesupport_fastrtps_c.so[0m
[5.228s] [ 70%] Built target yolov9_msgs__rosidl_typesupport_fastrtps_cpp
[5.251s] [ 70%] Built target yolov9_msgs__rosidl_typesupport_fastrtps_c
[5.273s] [ 70%] Built target yolov9_msgs
[5.300s] [ 74%] [34m[1mGenerating Python code for ROS interfaces[0m
[5.617s] [ 74%] Built target yolov9_msgs__py
[5.633s] [ 77%] [32mBuilding C object CMakeFiles/yolov9_msgs__rosidl_generator_py.dir/rosidl_generator_py/yolov9_msgs/msg/_yolo_detection_s.c.o[0m
[5.708s] [ 80%] [32m[1mLinking C shared library rosidl_generator_py/yolov9_msgs/libyolov9_msgs__rosidl_generator_py.so[0m
[5.740s] [ 80%] Built target yolov9_msgs__rosidl_generator_py
[5.763s] [ 83%] [32mBuilding C object CMakeFiles/yolov9_msgs__rosidl_typesupport_fastrtps_c__pyext.dir/rosidl_generator_py/yolov9_msgs/_yolov9_msgs_s.ep.rosidl_typesupport_fastrtps_c.c.o[0m
[5.763s] [ 87%] [32mBuilding C object CMakeFiles/yolov9_msgs__rosidl_typesupport_introspection_c__pyext.dir/rosidl_generator_py/yolov9_msgs/_yolov9_msgs_s.ep.rosidl_typesupport_introspection_c.c.o[0m
[5.763s] [ 90%] [32mBuilding C object CMakeFiles/yolov9_msgs__rosidl_typesupport_c__pyext.dir/rosidl_generator_py/yolov9_msgs/_yolov9_msgs_s.ep.rosidl_typesupport_c.c.o[0m
[5.829s] [100%] [32m[1mLinking C shared library rosidl_generator_py/yolov9_msgs/yolov9_msgs_s__rosidl_typesupport_c.cpython-310-x86_64-linux-gnu.so[0m
[5.829s] [100%] [32m[1mLinking C shared library rosidl_generator_py/yolov9_msgs/yolov9_msgs_s__rosidl_typesupport_fastrtps_c.cpython-310-x86_64-linux-gnu.so[0m
[5.829s] [100%] [32m[1mLinking C shared library rosidl_generator_py/yolov9_msgs/yolov9_msgs_s__rosidl_typesupport_introspection_c.cpython-310-x86_64-linux-gnu.so[0m
[5.858s] [100%] Built target yolov9_msgs__rosidl_typesupport_fastrtps_c__pyext
[5.858s] [100%] Built target yolov9_msgs__rosidl_typesupport_introspection_c__pyext
[5.858s] [100%] Built target yolov9_msgs__rosidl_typesupport_c__pyext
[5.867s] Invoked command in '/home/xavi/yolov9_ros/build/yolov9_msgs' returned '0': CMAKE_PREFIX_PATH=${CMAKE_PREFIX_PATH}:/home/xavi/yolov9_ros/install/yolov9:/home/xavi/ROSBOAT_GUI/install/rosboat_gui:/home/xavi/FAU_GUI/install/fau_gui:/home/xavi/High_Level1/install/yolov9:/home/xavi/High_Level1/install/yolov8_ros:/home/xavi/High_Level1/install/vision_py:/opt/ros/humble /usr/bin/cmake --build /home/xavi/yolov9_ros/build/yolov9_msgs -- -j20 -l20
[5.981s] Invoking command in '/home/xavi/yolov9_ros/build/yolov9_msgs': CMAKE_PREFIX_PATH=${CMAKE_PREFIX_PATH}:/home/xavi/yolov9_ros/install/yolov9:/home/xavi/ROSBOAT_GUI/install/rosboat_gui:/home/xavi/FAU_GUI/install/fau_gui:/home/xavi/High_Level1/install/yolov9:/home/xavi/High_Level1/install/yolov8_ros:/home/xavi/High_Level1/install/vision_py:/opt/ros/humble /usr/bin/cmake --install /home/xavi/yolov9_ros/build/yolov9_msgs
[5.989s] -- Install configuration: ""
[5.990s] -- Installing: /home/xavi/yolov9_ros/install/yolov9_msgs/share/ament_index/resource_index/rosidl_interfaces/yolov9_msgs
[5.990s] -- Installing: /home/xavi/yolov9_ros/install/yolov9_msgs/include/yolov9_msgs/yolov9_msgs
[5.990s] -- Installing: /home/xavi/yolov9_ros/install/yolov9_msgs/include/yolov9_msgs/yolov9_msgs/msg
[5.990s] -- Installing: /home/xavi/yolov9_ros/install/yolov9_msgs/include/yolov9_msgs/yolov9_msgs/msg/detail
[5.990s] -- Installing: /home/xavi/yolov9_ros/install/yolov9_msgs/include/yolov9_msgs/yolov9_msgs/msg/detail/yolo_detection__functions.h
[5.990s] -- Installing: /home/xavi/yolov9_ros/install/yolov9_msgs/include/yolov9_msgs/yolov9_msgs/msg/detail/yolo_detection__functions.c
[5.990s] -- Installing: /home/xavi/yolov9_ros/install/yolov9_msgs/include/yolov9_msgs/yolov9_msgs/msg/detail/yolo_detection__type_support.h
[5.990s] -- Installing: /home/xavi/yolov9_ros/install/yolov9_msgs/include/yolov9_msgs/yolov9_msgs/msg/detail/yolo_detection__struct.h
[5.990s] -- Installing: /home/xavi/yolov9_ros/install/yolov9_msgs/include/yolov9_msgs/yolov9_msgs/msg/yolo_detection.h
[5.990s] -- Installing: /home/xavi/yolov9_ros/install/yolov9_msgs/include/yolov9_msgs/yolov9_msgs/msg/rosidl_generator_c__visibility_control.h
[5.990s] -- Installing: /home/xavi/yolov9_ros/install/yolov9_msgs/share/yolov9_msgs/environment/library_path.sh
[5.990s] -- Installing: /home/xavi/yolov9_ros/install/yolov9_msgs/share/yolov9_msgs/environment/library_path.dsv
[5.990s] -- Installing: /home/xavi/yolov9_ros/install/yolov9_msgs/lib/libyolov9_msgs__rosidl_generator_c.so
[5.990s] -- Set runtime path of "/home/xavi/yolov9_ros/install/yolov9_msgs/lib/libyolov9_msgs__rosidl_generator_c.so" to ""
[5.990s] -- Up-to-date: /home/xavi/yolov9_ros/install/yolov9_msgs/include/yolov9_msgs/yolov9_msgs
[5.990s] -- Up-to-date: /home/xavi/yolov9_ros/install/yolov9_msgs/include/yolov9_msgs/yolov9_msgs/msg
[5.990s] -- Installing: /home/xavi/yolov9_ros/install/yolov9_msgs/include/yolov9_msgs/yolov9_msgs/msg/rosidl_typesupport_fastrtps_c__visibility_control.h
[5.991s] -- Up-to-date: /home/xavi/yolov9_ros/install/yolov9_msgs/include/yolov9_msgs/yolov9_msgs/msg/detail
[5.991s] -- Installing: /home/xavi/yolov9_ros/install/yolov9_msgs/include/yolov9_msgs/yolov9_msgs/msg/detail/yolo_detection__rosidl_typesupport_fastrtps_c.h
[5.991s] -- Installing: /home/xavi/yolov9_ros/install/yolov9_msgs/lib/libyolov9_msgs__rosidl_typesupport_fastrtps_c.so
[5.991s] -- Set runtime path of "/home/xavi/yolov9_ros/install/yolov9_msgs/lib/libyolov9_msgs__rosidl_typesupport_fastrtps_c.so" to ""
[5.991s] -- Up-to-date: /home/xavi/yolov9_ros/install/yolov9_msgs/include/yolov9_msgs/yolov9_msgs
[5.991s] -- Up-to-date: /home/xavi/yolov9_ros/install/yolov9_msgs/include/yolov9_msgs/yolov9_msgs/msg
[5.991s] -- Installing: /home/xavi/yolov9_ros/install/yolov9_msgs/include/yolov9_msgs/yolov9_msgs/msg/yolo_detection.hpp
[5.991s] -- Up-to-date: /home/xavi/yolov9_ros/install/yolov9_msgs/include/yolov9_msgs/yolov9_msgs/msg/detail
[5.991s] -- Installing: /home/xavi/yolov9_ros/install/yolov9_msgs/include/yolov9_msgs/yolov9_msgs/msg/detail/yolo_detection__builder.hpp
[5.991s] -- Installing: /home/xavi/yolov9_ros/install/yolov9_msgs/include/yolov9_msgs/yolov9_msgs/msg/detail/yolo_detection__struct.hpp
[5.991s] -- Installing: /home/xavi/yolov9_ros/install/yolov9_msgs/include/yolov9_msgs/yolov9_msgs/msg/detail/yolo_detection__traits.hpp
[5.991s] -- Up-to-date: /home/xavi/yolov9_ros/install/yolov9_msgs/include/yolov9_msgs/yolov9_msgs
[5.991s] -- Up-to-date: /home/xavi/yolov9_ros/install/yolov9_msgs/include/yolov9_msgs/yolov9_msgs/msg
[5.991s] -- Up-to-date: /home/xavi/yolov9_ros/install/yolov9_msgs/include/yolov9_msgs/yolov9_msgs/msg/detail
[5.991s] -- Installing: /home/xavi/yolov9_ros/install/yolov9_msgs/include/yolov9_msgs/yolov9_msgs/msg/detail/yolo_detection__rosidl_typesupport_fastrtps_cpp.hpp
[5.991s] -- Installing: /home/xavi/yolov9_ros/install/yolov9_msgs/include/yolov9_msgs/yolov9_msgs/msg/detail/dds_fastrtps
[5.991s] -- Installing: /home/xavi/yolov9_ros/install/yolov9_msgs/include/yolov9_msgs/yolov9_msgs/msg/rosidl_typesupport_fastrtps_cpp__visibility_control.h
[5.991s] -- Installing: /home/xavi/yolov9_ros/install/yolov9_msgs/lib/libyolov9_msgs__rosidl_typesupport_fastrtps_cpp.so
[5.991s] -- Set runtime path of "/home/xavi/yolov9_ros/install/yolov9_msgs/lib/libyolov9_msgs__rosidl_typesupport_fastrtps_cpp.so" to ""
[5.991s] -- Up-to-date: /home/xavi/yolov9_ros/install/yolov9_msgs/include/yolov9_msgs/yolov9_msgs
[5.991s] -- Up-to-date: /home/xavi/yolov9_ros/install/yolov9_msgs/include/yolov9_msgs/yolov9_msgs/msg
[5.991s] -- Up-to-date: /home/xavi/yolov9_ros/install/yolov9_msgs/include/yolov9_msgs/yolov9_msgs/msg/detail
[5.991s] -- Installing: /home/xavi/yolov9_ros/install/yolov9_msgs/include/yolov9_msgs/yolov9_msgs/msg/detail/yolo_detection__rosidl_typesupport_introspection_c.h
[5.991s] -- Installing: /home/xavi/yolov9_ros/install/yolov9_msgs/include/yolov9_msgs/yolov9_msgs/msg/detail/yolo_detection__type_support.c
[5.991s] -- Installing: /home/xavi/yolov9_ros/install/yolov9_msgs/include/yolov9_msgs/yolov9_msgs/msg/rosidl_typesupport_introspection_c__visibility_control.h
[5.991s] -- Installing: /home/xavi/yolov9_ros/install/yolov9_msgs/lib/libyolov9_msgs__rosidl_typesupport_introspection_c.so
[5.991s] -- Set runtime path of "/home/xavi/yolov9_ros/install/yolov9_msgs/lib/libyolov9_msgs__rosidl_typesupport_introspection_c.so" to ""
[5.991s] -- Installing: /home/xavi/yolov9_ros/install/yolov9_msgs/lib/libyolov9_msgs__rosidl_typesupport_c.so
[5.992s] -- Set runtime path of "/home/xavi/yolov9_ros/install/yolov9_msgs/lib/libyolov9_msgs__rosidl_typesupport_c.so" to ""
[5.992s] -- Up-to-date: /home/xavi/yolov9_ros/install/yolov9_msgs/include/yolov9_msgs/yolov9_msgs
[5.992s] -- Up-to-date: /home/xavi/yolov9_ros/install/yolov9_msgs/include/yolov9_msgs/yolov9_msgs/msg
[5.992s] -- Up-to-date: /home/xavi/yolov9_ros/install/yolov9_msgs/include/yolov9_msgs/yolov9_msgs/msg/detail
[5.992s] -- Installing: /home/xavi/yolov9_ros/install/yolov9_msgs/include/yolov9_msgs/yolov9_msgs/msg/detail/yolo_detection__rosidl_typesupport_introspection_cpp.hpp
[5.992s] -- Installing: /home/xavi/yolov9_ros/install/yolov9_msgs/include/yolov9_msgs/yolov9_msgs/msg/detail/yolo_detection__type_support.cpp
[5.992s] -- Installing: /home/xavi/yolov9_ros/install/yolov9_msgs/lib/libyolov9_msgs__rosidl_typesupport_introspection_cpp.so
[5.992s] -- Set runtime path of "/home/xavi/yolov9_ros/install/yolov9_msgs/lib/libyolov9_msgs__rosidl_typesupport_introspection_cpp.so" to ""
[5.992s] -- Installing: /home/xavi/yolov9_ros/install/yolov9_msgs/lib/libyolov9_msgs__rosidl_typesupport_cpp.so
[5.992s] -- Set runtime path of "/home/xavi/yolov9_ros/install/yolov9_msgs/lib/libyolov9_msgs__rosidl_typesupport_cpp.so" to ""
[5.992s] -- Installing: /home/xavi/yolov9_ros/install/yolov9_msgs/share/yolov9_msgs/environment/pythonpath.sh
[5.992s] -- Installing: /home/xavi/yolov9_ros/install/yolov9_msgs/share/yolov9_msgs/environment/pythonpath.dsv
[5.992s] -- Installing: /home/xavi/yolov9_ros/install/yolov9_msgs/local/lib/python3.10/dist-packages/yolov9_msgs-0.0.0-py3.10.egg-info
[5.992s] -- Installing: /home/xavi/yolov9_ros/install/yolov9_msgs/local/lib/python3.10/dist-packages/yolov9_msgs-0.0.0-py3.10.egg-info/PKG-INFO
[5.992s] -- Installing: /home/xavi/yolov9_ros/install/yolov9_msgs/local/lib/python3.10/dist-packages/yolov9_msgs-0.0.0-py3.10.egg-info/dependency_links.txt
[5.992s] -- Installing: /home/xavi/yolov9_ros/install/yolov9_msgs/local/lib/python3.10/dist-packages/yolov9_msgs-0.0.0-py3.10.egg-info/top_level.txt
[5.992s] -- Installing: /home/xavi/yolov9_ros/install/yolov9_msgs/local/lib/python3.10/dist-packages/yolov9_msgs-0.0.0-py3.10.egg-info/SOURCES.txt
[5.992s] -- Installing: /home/xavi/yolov9_ros/install/yolov9_msgs/local/lib/python3.10/dist-packages/yolov9_msgs
[5.992s] -- Installing: /home/xavi/yolov9_ros/install/yolov9_msgs/local/lib/python3.10/dist-packages/yolov9_msgs/libyolov9_msgs__rosidl_generator_py.so
[5.992s] -- Installing: /home/xavi/yolov9_ros/install/yolov9_msgs/local/lib/python3.10/dist-packages/yolov9_msgs/yolov9_msgs_s__rosidl_typesupport_fastrtps_c.cpython-310-x86_64-linux-gnu.so
[5.993s] -- Installing: /home/xavi/yolov9_ros/install/yolov9_msgs/local/lib/python3.10/dist-packages/yolov9_msgs/__init__.py
[5.993s] -- Installing: /home/xavi/yolov9_ros/install/yolov9_msgs/local/lib/python3.10/dist-packages/yolov9_msgs/_yolov9_msgs_s.ep.rosidl_typesupport_introspection_c.c
[5.993s] -- Installing: /home/xavi/yolov9_ros/install/yolov9_msgs/local/lib/python3.10/dist-packages/yolov9_msgs/_yolov9_msgs_s.ep.rosidl_typesupport_fastrtps_c.c
[5.993s] -- Installing: /home/xavi/yolov9_ros/install/yolov9_msgs/local/lib/python3.10/dist-packages/yolov9_msgs/yolov9_msgs_s__rosidl_typesupport_c.cpython-310-x86_64-linux-gnu.so
[5.993s] -- Installing: /home/xavi/yolov9_ros/install/yolov9_msgs/local/lib/python3.10/dist-packages/yolov9_msgs/_yolov9_msgs_s.ep.rosidl_typesupport_c.c
[5.993s] -- Installing: /home/xavi/yolov9_ros/install/yolov9_msgs/local/lib/python3.10/dist-packages/yolov9_msgs/yolov9_msgs_s__rosidl_typesupport_introspection_c.cpython-310-x86_64-linux-gnu.so
[5.993s] -- Installing: /home/xavi/yolov9_ros/install/yolov9_msgs/local/lib/python3.10/dist-packages/yolov9_msgs/msg
[5.993s] -- Installing: /home/xavi/yolov9_ros/install/yolov9_msgs/local/lib/python3.10/dist-packages/yolov9_msgs/msg/_yolo_detection.py
[5.993s] -- Installing: /home/xavi/yolov9_ros/install/yolov9_msgs/local/lib/python3.10/dist-packages/yolov9_msgs/msg/__init__.py
[5.993s] -- Installing: /home/xavi/yolov9_ros/install/yolov9_msgs/local/lib/python3.10/dist-packages/yolov9_msgs/msg/_yolo_detection_s.c
[6.118s] Listing '/home/xavi/yolov9_ros/install/yolov9_msgs/local/lib/python3.10/dist-packages/yolov9_msgs'...
[6.118s] Compiling '/home/xavi/yolov9_ros/install/yolov9_msgs/local/lib/python3.10/dist-packages/yolov9_msgs/__init__.py'...
[6.118s] Listing '/home/xavi/yolov9_ros/install/yolov9_msgs/local/lib/python3.10/dist-packages/yolov9_msgs/msg'...
[6.118s] Compiling '/home/xavi/yolov9_ros/install/yolov9_msgs/local/lib/python3.10/dist-packages/yolov9_msgs/msg/__init__.py'...
[6.118s] Compiling '/home/xavi/yolov9_ros/install/yolov9_msgs/local/lib/python3.10/dist-packages/yolov9_msgs/msg/_yolo_detection.py'...
[6.120s] -- Installing: /home/xavi/yolov9_ros/install/yolov9_msgs/local/lib/python3.10/dist-packages/yolov9_msgs/yolov9_msgs_s__rosidl_typesupport_fastrtps_c.cpython-310-x86_64-linux-gnu.so
[6.121s] -- Set runtime path of "/home/xavi/yolov9_ros/install/yolov9_msgs/local/lib/python3.10/dist-packages/yolov9_msgs/yolov9_msgs_s__rosidl_typesupport_fastrtps_c.cpython-310-x86_64-linux-gnu.so" to ""
[6.121s] -- Installing: /home/xavi/yolov9_ros/install/yolov9_msgs/local/lib/python3.10/dist-packages/yolov9_msgs/yolov9_msgs_s__rosidl_typesupport_introspection_c.cpython-310-x86_64-linux-gnu.so
[6.121s] -- Set runtime path of "/home/xavi/yolov9_ros/install/yolov9_msgs/local/lib/python3.10/dist-packages/yolov9_msgs/yolov9_msgs_s__rosidl_typesupport_introspection_c.cpython-310-x86_64-linux-gnu.so" to ""
[6.121s] -- Installing: /home/xavi/yolov9_ros/install/yolov9_msgs/local/lib/python3.10/dist-packages/yolov9_msgs/yolov9_msgs_s__rosidl_typesupport_c.cpython-310-x86_64-linux-gnu.so
[6.121s] -- Set runtime path of "/home/xavi/yolov9_ros/install/yolov9_msgs/local/lib/python3.10/dist-packages/yolov9_msgs/yolov9_msgs_s__rosidl_typesupport_c.cpython-310-x86_64-linux-gnu.so" to ""
[6.121s] -- Installing: /home/xavi/yolov9_ros/install/yolov9_msgs/lib/libyolov9_msgs__rosidl_generator_py.so
[6.121s] -- Set runtime path of "/home/xavi/yolov9_ros/install/yolov9_msgs/lib/libyolov9_msgs__rosidl_generator_py.so" to ""
[6.121s] -- Installing: /home/xavi/yolov9_ros/install/yolov9_msgs/share/yolov9_msgs/msg/YoloDetection.idl
[6.121s] -- Installing: /home/xavi/yolov9_ros/install/yolov9_msgs/share/yolov9_msgs/msg/YoloDetection.msg
[6.121s] -- Installing: /home/xavi/yolov9_ros/install/yolov9_msgs/share/ament_index/resource_index/package_run_dependencies/yolov9_msgs
[6.121s] -- Installing: /home/xavi/yolov9_ros/install/yolov9_msgs/share/ament_index/resource_index/parent_prefix_path/yolov9_msgs
[6.121s] -- Installing: /home/xavi/yolov9_ros/install/yolov9_msgs/share/yolov9_msgs/environment/ament_prefix_path.sh
[6.122s] -- Installing: /home/xavi/yolov9_ros/install/yolov9_msgs/share/yolov9_msgs/environment/ament_prefix_path.dsv
[6.122s] -- Installing: /home/xavi/yolov9_ros/install/yolov9_msgs/share/yolov9_msgs/environment/path.sh
[6.122s] -- Installing: /home/xavi/yolov9_ros/install/yolov9_msgs/share/yolov9_msgs/environment/path.dsv
[6.122s] -- Installing: /home/xavi/yolov9_ros/install/yolov9_msgs/share/yolov9_msgs/local_setup.bash
[6.122s] -- Installing: /home/xavi/yolov9_ros/install/yolov9_msgs/share/yolov9_msgs/local_setup.sh
[6.122s] -- Installing: /home/xavi/yolov9_ros/install/yolov9_msgs/share/yolov9_msgs/local_setup.zsh
[6.122s] -- Installing: /home/xavi/yolov9_ros/install/yolov9_msgs/share/yolov9_msgs/local_setup.dsv
[6.122s] -- Installing: /home/xavi/yolov9_ros/install/yolov9_msgs/share/yolov9_msgs/package.dsv
[6.122s] -- Installing: /home/xavi/yolov9_ros/install/yolov9_msgs/share/ament_index/resource_index/packages/yolov9_msgs
[6.122s] -- Installing: /home/xavi/yolov9_ros/install/yolov9_msgs/share/yolov9_msgs/cmake/export_yolov9_msgs__rosidl_generator_cExport.cmake
[6.122s] -- Installing: /home/xavi/yolov9_ros/install/yolov9_msgs/share/yolov9_msgs/cmake/export_yolov9_msgs__rosidl_generator_cExport-noconfig.cmake
[6.122s] -- Installing: /home/xavi/yolov9_ros/install/yolov9_msgs/share/yolov9_msgs/cmake/export_yolov9_msgs__rosidl_typesupport_fastrtps_cExport.cmake
[6.122s] -- Installing: /home/xavi/yolov9_ros/install/yolov9_msgs/share/yolov9_msgs/cmake/export_yolov9_msgs__rosidl_typesupport_fastrtps_cExport-noconfig.cmake
[6.122s] -- Installing: /home/xavi/yolov9_ros/install/yolov9_msgs/share/yolov9_msgs/cmake/export_yolov9_msgs__rosidl_generator_cppExport.cmake
[6.122s] -- Installing: /home/xavi/yolov9_ros/install/yolov9_msgs/share/yolov9_msgs/cmake/export_yolov9_msgs__rosidl_typesupport_fastrtps_cppExport.cmake
[6.122s] -- Installing: /home/xavi/yolov9_ros/install/yolov9_msgs/share/yolov9_msgs/cmake/export_yolov9_msgs__rosidl_typesupport_fastrtps_cppExport-noconfig.cmake
[6.122s] -- Installing: /home/xavi/yolov9_ros/install/yolov9_msgs/share/yolov9_msgs/cmake/yolov9_msgs__rosidl_typesupport_introspection_cExport.cmake
[6.122s] -- Installing: /home/xavi/yolov9_ros/install/yolov9_msgs/share/yolov9_msgs/cmake/yolov9_msgs__rosidl_typesupport_introspection_cExport-noconfig.cmake
[6.122s] -- Installing: /home/xavi/yolov9_ros/install/yolov9_msgs/share/yolov9_msgs/cmake/yolov9_msgs__rosidl_typesupport_cExport.cmake
[6.122s] -- Installing: /home/xavi/yolov9_ros/install/yolov9_msgs/share/yolov9_msgs/cmake/yolov9_msgs__rosidl_typesupport_cExport-noconfig.cmake
[6.122s] -- Installing: /home/xavi/yolov9_ros/install/yolov9_msgs/share/yolov9_msgs/cmake/yolov9_msgs__rosidl_typesupport_introspection_cppExport.cmake
[6.122s] -- Installing: /home/xavi/yolov9_ros/install/yolov9_msgs/share/yolov9_msgs/cmake/yolov9_msgs__rosidl_typesupport_introspection_cppExport-noconfig.cmake
[6.122s] -- Installing: /home/xavi/yolov9_ros/install/yolov9_msgs/share/yolov9_msgs/cmake/yolov9_msgs__rosidl_typesupport_cppExport.cmake
[6.122s] -- Installing: /home/xavi/yolov9_ros/install/yolov9_msgs/share/yolov9_msgs/cmake/yolov9_msgs__rosidl_typesupport_cppExport-noconfig.cmake
[6.122s] -- Installing: /home/xavi/yolov9_ros/install/yolov9_msgs/share/yolov9_msgs/cmake/export_yolov9_msgs__rosidl_generator_pyExport.cmake
[6.123s] -- Installing: /home/xavi/yolov9_ros/install/yolov9_msgs/share/yolov9_msgs/cmake/export_yolov9_msgs__rosidl_generator_pyExport-noconfig.cmake
[6.123s] -- Installing: /home/xavi/yolov9_ros/install/yolov9_msgs/share/yolov9_msgs/cmake/rosidl_cmake-extras.cmake
[6.123s] -- Installing: /home/xavi/yolov9_ros/install/yolov9_msgs/share/yolov9_msgs/cmake/ament_cmake_export_dependencies-extras.cmake
[6.123s] -- Installing: /home/xavi/yolov9_ros/install/yolov9_msgs/share/yolov9_msgs/cmake/ament_cmake_export_include_directories-extras.cmake
[6.123s] -- Installing: /home/xavi/yolov9_ros/install/yolov9_msgs/share/yolov9_msgs/cmake/ament_cmake_export_libraries-extras.cmake
[6.123s] -- Installing: /home/xavi/yolov9_ros/install/yolov9_msgs/share/yolov9_msgs/cmake/ament_cmake_export_targets-extras.cmake
[6.123s] -- Installing: /home/xavi/yolov9_ros/install/yolov9_msgs/share/yolov9_msgs/cmake/rosidl_cmake_export_typesupport_targets-extras.cmake
[6.123s] -- Installing: /home/xavi/yolov9_ros/install/yolov9_msgs/share/yolov9_msgs/cmake/rosidl_cmake_export_typesupport_libraries-extras.cmake
[6.123s] -- Installing: /home/xavi/yolov9_ros/install/yolov9_msgs/share/yolov9_msgs/cmake/yolov9_msgsConfig.cmake
[6.123s] -- Installing: /home/xavi/yolov9_ros/install/yolov9_msgs/share/yolov9_msgs/cmake/yolov9_msgsConfig-version.cmake
[6.123s] -- Installing: /home/xavi/yolov9_ros/install/yolov9_msgs/share/yolov9_msgs/package.xml
[6.125s] Invoked command in '/home/xavi/yolov9_ros/build/yolov9_msgs' returned '0': CMAKE_PREFIX_PATH=${CMAKE_PREFIX_PATH}:/home/xavi/yolov9_ros/install/yolov9:/home/xavi/ROSBOAT_GUI/install/rosboat_gui:/home/xavi/FAU_GUI/install/fau_gui:/home/xavi/High_Level1/install/yolov9:/home/xavi/High_Level1/install/yolov8_ros:/home/xavi/High_Level1/install/vision_py:/opt/ros/humble /usr/bin/cmake --install /home/xavi/yolov9_ros/build/yolov9_msgs
