[0.684s] [34mcolcon[0m [1;30mDEBUG[0m [32mCommand line arguments: ['/usr/bin/colcon', 'build'][0m
[0.684s] [34mcolcon[0m [1;30mDEBUG[0m [32mParsed command line arguments: Namespace(log_base=None, log_level=None, verb_name='build', build_base='build', install_base='install', merge_install=False, symlink_install=False, test_result_base=None, continue_on_error=False, executor='parallel', parallel_workers=20, event_handlers=None, ignore_user_meta=False, metas=['./colcon.meta'], base_paths=['.'], packages_ignore=None, packages_ignore_regex=None, paths=None, packages_up_to=None, packages_up_to_regex=None, packages_above=None, packages_above_and_dependencies=None, packages_above_depth=None, packages_select_by_dep=None, packages_skip_by_dep=None, packages_skip_up_to=None, packages_select_build_failed=False, packages_skip_build_finished=False, packages_select_test_failures=False, packages_skip_test_passed=False, packages_select=None, packages_skip=None, packages_select_regex=None, packages_skip_regex=None, packages_start=None, packages_end=None, allow_overriding=[], cmake_args=None, cmake_target=None, cmake_target_skip_unavailable=False, cmake_clean_cache=False, cmake_clean_first=False, cmake_force_configure=False, ament_cmake_args=None, catkin_cmake_args=None, catkin_skip_building_tests=False, verb_parser=<colcon_defaults.argument_parser.defaults.DefaultArgumentsDecorator object at 0x78dc1d7fbca0>, verb_extension=<colcon_core.verb.build.BuildVerb object at 0x78dc1dd4b8e0>, main=<bound method BuildVerb.main of <colcon_core.verb.build.BuildVerb object at 0x78dc1dd4b8e0>>)[0m
[0.933s] [34mcolcon.colcon_core.package_discovery[0m [1;30mLevel 1[0m discover_packages(colcon_meta) check parameters
[0.933s] [34mcolcon.colcon_core.package_discovery[0m [1;30mLevel 1[0m discover_packages(recursive) check parameters
[0.933s] [34mcolcon.colcon_core.package_discovery[0m [1;30mLevel 1[0m discover_packages(ignore) check parameters
[0.933s] [34mcolcon.colcon_core.package_discovery[0m [1;30mLevel 1[0m discover_packages(path) check parameters
[0.933s] [34mcolcon.colcon_core.package_discovery[0m [1;30mLevel 1[0m discover_packages(colcon_meta) discover
[0.933s] [34mcolcon.colcon_core.package_discovery[0m [1;30mLevel 1[0m discover_packages(recursive) discover
[0.933s] [34mcolcon.colcon_core.package_discovery[0m [1;30mINFO[0m Crawling recursively for packages in '/home/xavi/yolov9_ros'
[0.933s] [34mcolcon.colcon_core.package_identification[0m [1;30mLevel 1[0m _identify(.) by extensions ['ignore', 'ignore_ament_install']
[0.933s] [34mcolcon.colcon_core.package_identification[0m [1;30mLevel 1[0m _identify(.) by extension 'ignore'
[0.933s] [34mcolcon.colcon_core.package_identification[0m [1;30mLevel 1[0m _identify(.) by extension 'ignore_ament_install'
[0.933s] [34mcolcon.colcon_core.package_identification[0m [1;30mLevel 1[0m _identify(.) by extensions ['colcon_pkg']
[0.933s] [34mcolcon.colcon_core.package_identification[0m [1;30mLevel 1[0m _identify(.) by extension 'colcon_pkg'
[0.933s] [34mcolcon.colcon_core.package_identification[0m [1;30mLevel 1[0m _identify(.) by extensions ['colcon_meta']
[0.933s] [34mcolcon.colcon_core.package_identification[0m [1;30mLevel 1[0m _identify(.) by extension 'colcon_meta'
[0.933s] [34mcolcon.colcon_core.package_identification[0m [1;30mLevel 1[0m _identify(.) by extensions ['ros']
[0.933s] [34mcolcon.colcon_core.package_identification[0m [1;30mLevel 1[0m _identify(.) by extension 'ros'
[0.940s] [34mcolcon.colcon_core.package_identification[0m [1;30mLevel 1[0m _identify(.) by extensions ['cmake', 'python']
[0.940s] [34mcolcon.colcon_core.package_identification[0m [1;30mLevel 1[0m _identify(.) by extension 'cmake'
[0.940s] [34mcolcon.colcon_core.package_identification[0m [1;30mLevel 1[0m _identify(.) by extension 'python'
[0.940s] [34mcolcon.colcon_core.package_identification[0m [1;30mLevel 1[0m _identify(.) by extensions ['python_setup_py']
[0.940s] [34mcolcon.colcon_core.package_identification[0m [1;30mLevel 1[0m _identify(.) by extension 'python_setup_py'
[0.940s] [34mcolcon.colcon_core.package_identification[0m [1;30mLevel 1[0m _identify(build) by extensions ['ignore', 'ignore_ament_install']
[0.940s] [34mcolcon.colcon_core.package_identification[0m [1;30mLevel 1[0m _identify(build) by extension 'ignore'
[0.940s] [34mcolcon.colcon_core.package_identification[0m [1;30mLevel 1[0m _identify(build) ignored
[0.940s] [34mcolcon.colcon_core.package_identification[0m [1;30mLevel 1[0m _identify(install) by extensions ['ignore', 'ignore_ament_install']
[0.940s] [34mcolcon.colcon_core.package_identification[0m [1;30mLevel 1[0m _identify(install) by extension 'ignore'
[0.940s] [34mcolcon.colcon_core.package_identification[0m [1;30mLevel 1[0m _identify(install) ignored
[0.940s] [34mcolcon.colcon_core.package_identification[0m [1;30mLevel 1[0m _identify(log) by extensions ['ignore', 'ignore_ament_install']
[0.940s] [34mcolcon.colcon_core.package_identification[0m [1;30mLevel 1[0m _identify(log) by extension 'ignore'
[0.940s] [34mcolcon.colcon_core.package_identification[0m [1;30mLevel 1[0m _identify(log) ignored
[0.940s] [34mcolcon.colcon_core.package_identification[0m [1;30mLevel 1[0m _identify(src) by extensions ['ignore', 'ignore_ament_install']
[0.940s] [34mcolcon.colcon_core.package_identification[0m [1;30mLevel 1[0m _identify(src) by extension 'ignore'
[0.940s] [34mcolcon.colcon_core.package_identification[0m [1;30mLevel 1[0m _identify(src) by extension 'ignore_ament_install'
[0.940s] [34mcolcon.colcon_core.package_identification[0m [1;30mLevel 1[0m _identify(src) by extensions ['colcon_pkg']
[0.940s] [34mcolcon.colcon_core.package_identification[0m [1;30mLevel 1[0m _identify(src) by extension 'colcon_pkg'
[0.940s] [34mcolcon.colcon_core.package_identification[0m [1;30mLevel 1[0m _identify(src) by extensions ['colcon_meta']
[0.940s] [34mcolcon.colcon_core.package_identification[0m [1;30mLevel 1[0m _identify(src) by extension 'colcon_meta'
[0.940s] [34mcolcon.colcon_core.package_identification[0m [1;30mLevel 1[0m _identify(src) by extensions ['ros']
[0.940s] [34mcolcon.colcon_core.package_identification[0m [1;30mLevel 1[0m _identify(src) by extension 'ros'
[0.940s] [34mcolcon.colcon_core.package_identification[0m [1;30mLevel 1[0m _identify(src) by extensions ['cmake', 'python']
[0.941s] [34mcolcon.colcon_core.package_identification[0m [1;30mLevel 1[0m _identify(src) by extension 'cmake'
[0.941s] [34mcolcon.colcon_core.package_identification[0m [1;30mLevel 1[0m _identify(src) by extension 'python'
[0.941s] [34mcolcon.colcon_core.package_identification[0m [1;30mLevel 1[0m _identify(src) by extensions ['python_setup_py']
[0.941s] [34mcolcon.colcon_core.package_identification[0m [1;30mLevel 1[0m _identify(src) by extension 'python_setup_py'
[0.941s] [34mcolcon.colcon_core.package_identification[0m [1;30mLevel 1[0m _identify(src/yolov9) by extensions ['ignore', 'ignore_ament_install']
[0.941s] [34mcolcon.colcon_core.package_identification[0m [1;30mLevel 1[0m _identify(src/yolov9) by extension 'ignore'
[0.941s] [34mcolcon.colcon_core.package_identification[0m [1;30mLevel 1[0m _identify(src/yolov9) by extension 'ignore_ament_install'
[0.941s] [34mcolcon.colcon_core.package_identification[0m [1;30mLevel 1[0m _identify(src/yolov9) by extensions ['colcon_pkg']
[0.941s] [34mcolcon.colcon_core.package_identification[0m [1;30mLevel 1[0m _identify(src/yolov9) by extension 'colcon_pkg'
[0.941s] [34mcolcon.colcon_core.package_identification[0m [1;30mLevel 1[0m _identify(src/yolov9) by extensions ['colcon_meta']
[0.941s] [34mcolcon.colcon_core.package_identification[0m [1;30mLevel 1[0m _identify(src/yolov9) by extension 'colcon_meta'
[0.941s] [34mcolcon.colcon_core.package_identification[0m [1;30mLevel 1[0m _identify(src/yolov9) by extensions ['ros']
[0.941s] [34mcolcon.colcon_core.package_identification[0m [1;30mLevel 1[0m _identify(src/yolov9) by extension 'ros'
[0.942s] [34mcolcon.colcon_core.package_identification[0m [1;30mDEBUG[0m [32mPackage 'src/yolov9' with type 'ros.ament_python' and name 'yolov9'[0m
[0.943s] [34mcolcon.colcon_core.package_identification[0m [1;30mLevel 1[0m _identify(src/yolov9_msgs) by extensions ['ignore', 'ignore_ament_install']
[0.943s] [34mcolcon.colcon_core.package_identification[0m [1;30mLevel 1[0m _identify(src/yolov9_msgs) by extension 'ignore'
[0.943s] [34mcolcon.colcon_core.package_identification[0m [1;30mLevel 1[0m _identify(src/yolov9_msgs) by extension 'ignore_ament_install'
[0.943s] [34mcolcon.colcon_core.package_identification[0m [1;30mLevel 1[0m _identify(src/yolov9_msgs) by extensions ['colcon_pkg']
[0.943s] [34mcolcon.colcon_core.package_identification[0m [1;30mLevel 1[0m _identify(src/yolov9_msgs) by extension 'colcon_pkg'
[0.943s] [34mcolcon.colcon_core.package_identification[0m [1;30mLevel 1[0m _identify(src/yolov9_msgs) by extensions ['colcon_meta']
[0.943s] [34mcolcon.colcon_core.package_identification[0m [1;30mLevel 1[0m _identify(src/yolov9_msgs) by extension 'colcon_meta'
[0.943s] [34mcolcon.colcon_core.package_identification[0m [1;30mLevel 1[0m _identify(src/yolov9_msgs) by extensions ['ros']
[0.943s] [34mcolcon.colcon_core.package_identification[0m [1;30mLevel 1[0m _identify(src/yolov9_msgs) by extension 'ros'
[0.943s] [34mcolcon.colcon_core.package_identification[0m [1;30mDEBUG[0m [32mPackage 'src/yolov9_msgs' with type 'ros.ament_cmake' and name 'yolov9_msgs'[0m
[0.943s] [34mcolcon.colcon_core.package_discovery[0m [1;30mLevel 1[0m discover_packages(recursive) using defaults
[0.943s] [34mcolcon.colcon_core.package_discovery[0m [1;30mLevel 1[0m discover_packages(ignore) discover
[0.943s] [34mcolcon.colcon_core.package_discovery[0m [1;30mLevel 1[0m discover_packages(ignore) using defaults
[0.943s] [34mcolcon.colcon_core.package_discovery[0m [1;30mLevel 1[0m discover_packages(path) discover
[0.943s] [34mcolcon.colcon_core.package_discovery[0m [1;30mLevel 1[0m discover_packages(path) using defaults
[1.011s] [34mcolcon.colcon_core.package_discovery[0m [1;30mLevel 1[0m discover_packages(prefix_path) check parameters
[1.011s] [34mcolcon.colcon_core.package_discovery[0m [1;30mLevel 1[0m discover_packages(prefix_path) discover
[1.023s] [34mcolcon.colcon_ros.prefix_path.ament[0m [1;30mWARNING[0m [33mThe path '/home/xavi/yolov9_ros/install/yolov9_msgs' in the environment variable AMENT_PREFIX_PATH doesn't exist[0m
[1.023s] [34mcolcon.colcon_ros.prefix_path.ament[0m [1;30mWARNING[0m [33mThe path '/home/xavi/yolov9_ros/install/yolov9' in the environment variable AMENT_PREFIX_PATH doesn't exist[0m
[1.023s] [34mcolcon.colcon_ros.prefix_path.catkin[0m [1;30mWARNING[0m [33mThe path '/home/xavi/yolov9_ros/install/yolov9_msgs' in the environment variable CMAKE_PREFIX_PATH doesn't exist[0m
[1.035s] [34mcolcon.colcon_installed_package_information.package_discovery[0m [1;30mDEBUG[0m [32mFound 0 installed packages in /home/xavi/yolov9_ros/install[0m
[1.046s] [34mcolcon.colcon_installed_package_information.package_discovery[0m [1;30mDEBUG[0m [32mFound 1 installed packages in /home/xavi/Vision2/install[0m
[1.058s] [34mcolcon.colcon_installed_package_information.package_discovery[0m [1;30mDEBUG[0m [32mFound 1 installed packages in /home/xavi/FAU_GUI/install[0m
[1.070s] [34mcolcon.colcon_installed_package_information.package_discovery[0m [1;30mDEBUG[0m [32mFound 5 installed packages in /home/xavi/vrx_ws/install[0m
[1.081s] [34mcolcon.colcon_installed_package_information.package_discovery[0m [1;30mDEBUG[0m [32mFound 7 installed packages in /home/xavi/High_Level1/install[0m
[1.093s] [34mcolcon.colcon_installed_package_information.package_discovery[0m [1;30mDEBUG[0m [32mFound 5 installed packages in /home/xavi/mavros_ws/install[0m
[1.105s] [34mcolcon.colcon_installed_package_information.package_discovery[0m [1;30mDEBUG[0m [32mFound 5 installed packages in /home/xavi/mavros2_ws/install[0m
[1.116s] [34mcolcon.colcon_installed_package_information.package_discovery[0m [1;30mDEBUG[0m [32mFound 2 installed packages in /home/xavi/ROSBOAT_GUI/install[0m
[1.128s] [34mcolcon.colcon_installed_package_information.package_discovery[0m [1;30mDEBUG[0m [32mFound 314 installed packages in /opt/ros/humble[0m
[1.129s] [34mcolcon.colcon_core.package_discovery[0m [1;30mLevel 1[0m discover_packages(prefix_path) using defaults
[1.174s] [34mcolcon.colcon_core.verb[0m [1;30mLevel 5[0m set package 'yolov9' build argument 'cmake_args' from command line to 'None'
[1.174s] [34mcolcon.colcon_core.verb[0m [1;30mLevel 5[0m set package 'yolov9' build argument 'cmake_target' from command line to 'None'
[1.174s] [34mcolcon.colcon_core.verb[0m [1;30mLevel 5[0m set package 'yolov9' build argument 'cmake_target_skip_unavailable' from command line to 'False'
[1.174s] [34mcolcon.colcon_core.verb[0m [1;30mLevel 5[0m set package 'yolov9' build argument 'cmake_clean_cache' from command line to 'False'
[1.174s] [34mcolcon.colcon_core.verb[0m [1;30mLevel 5[0m set package 'yolov9' build argument 'cmake_clean_first' from command line to 'False'
[1.174s] [34mcolcon.colcon_core.verb[0m [1;30mLevel 5[0m set package 'yolov9' build argument 'cmake_force_configure' from command line to 'False'
[1.174s] [34mcolcon.colcon_core.verb[0m [1;30mLevel 5[0m set package 'yolov9' build argument 'ament_cmake_args' from command line to 'None'
[1.174s] [34mcolcon.colcon_core.verb[0m [1;30mLevel 5[0m set package 'yolov9' build argument 'catkin_cmake_args' from command line to 'None'
[1.174s] [34mcolcon.colcon_core.verb[0m [1;30mLevel 5[0m set package 'yolov9' build argument 'catkin_skip_building_tests' from command line to 'False'
[1.174s] [34mcolcon.colcon_core.verb[0m [1;30mDEBUG[0m [32mBuilding package 'yolov9' with the following arguments: {'ament_cmake_args': None, 'build_base': '/home/xavi/yolov9_ros/build/yolov9', 'catkin_cmake_args': None, 'catkin_skip_building_tests': False, 'cmake_args': None, 'cmake_clean_cache': False, 'cmake_clean_first': False, 'cmake_force_configure': False, 'cmake_target': None, 'cmake_target_skip_unavailable': False, 'install_base': '/home/xavi/yolov9_ros/install/yolov9', 'merge_install': False, 'path': '/home/xavi/yolov9_ros/src/yolov9', 'symlink_install': False, 'test_result_base': None}[0m
[1.186s] [34mcolcon.colcon_core.verb[0m [1;30mLevel 5[0m set package 'yolov9_msgs' build argument 'cmake_args' from command line to 'None'
[1.186s] [34mcolcon.colcon_core.verb[0m [1;30mLevel 5[0m set package 'yolov9_msgs' build argument 'cmake_target' from command line to 'None'
[1.186s] [34mcolcon.colcon_core.verb[0m [1;30mLevel 5[0m set package 'yolov9_msgs' build argument 'cmake_target_skip_unavailable' from command line to 'False'
[1.186s] [34mcolcon.colcon_core.verb[0m [1;30mLevel 5[0m set package 'yolov9_msgs' build argument 'cmake_clean_cache' from command line to 'False'
[1.186s] [34mcolcon.colcon_core.verb[0m [1;30mLevel 5[0m set package 'yolov9_msgs' build argument 'cmake_clean_first' from command line to 'False'
[1.186s] [34mcolcon.colcon_core.verb[0m [1;30mLevel 5[0m set package 'yolov9_msgs' build argument 'cmake_force_configure' from command line to 'False'
[1.186s] [34mcolcon.colcon_core.verb[0m [1;30mLevel 5[0m set package 'yolov9_msgs' build argument 'ament_cmake_args' from command line to 'None'
[1.186s] [34mcolcon.colcon_core.verb[0m [1;30mLevel 5[0m set package 'yolov9_msgs' build argument 'catkin_cmake_args' from command line to 'None'
[1.186s] [34mcolcon.colcon_core.verb[0m [1;30mLevel 5[0m set package 'yolov9_msgs' build argument 'catkin_skip_building_tests' from command line to 'False'
[1.186s] [34mcolcon.colcon_core.verb[0m [1;30mDEBUG[0m [32mBuilding package 'yolov9_msgs' with the following arguments: {'ament_cmake_args': None, 'build_base': '/home/xavi/yolov9_ros/build/yolov9_msgs', 'catkin_cmake_args': None, 'catkin_skip_building_tests': False, 'cmake_args': None, 'cmake_clean_cache': False, 'cmake_clean_first': False, 'cmake_force_configure': False, 'cmake_target': None, 'cmake_target_skip_unavailable': False, 'install_base': '/home/xavi/yolov9_ros/install/yolov9_msgs', 'merge_install': False, 'path': '/home/xavi/yolov9_ros/src/yolov9_msgs', 'symlink_install': False, 'test_result_base': None}[0m
[1.197s] [34mcolcon.colcon_core.executor[0m [1;30mINFO[0m Executing jobs using 'parallel' executor
[1.209s] [34mcolcon.colcon_parallel_executor.executor.parallel[0m [1;30mDEBUG[0m [32mrun_until_complete[0m
[1.210s] [34mcolcon.colcon_ros.task.ament_python.build[0m [1;30mINFO[0m Building ROS package in '/home/xavi/yolov9_ros/src/yolov9' with build type 'ament_python'
[1.210s] [34mcolcon.colcon_core.shell[0m [1;30mLevel 1[0m create_environment_hook('yolov9', 'ament_prefix_path')
[1.222s] [34mcolcon.colcon_core.plugin_system[0m [1;30mINFO[0m Skipping extension 'colcon_core.shell.bat': Not used on non-Windows systems
[1.222s] [34mcolcon.colcon_core.shell[0m [1;30mINFO[0m Creating environment hook '/home/xavi/yolov9_ros/install/yolov9/share/yolov9/hook/ament_prefix_path.ps1'
[1.223s] [34mcolcon.colcon_core.shell[0m [1;30mINFO[0m Creating environment descriptor '/home/xavi/yolov9_ros/install/yolov9/share/yolov9/hook/ament_prefix_path.dsv'
[1.223s] [34mcolcon.colcon_core.shell[0m [1;30mINFO[0m Creating environment hook '/home/xavi/yolov9_ros/install/yolov9/share/yolov9/hook/ament_prefix_path.sh'
[1.235s] [34mcolcon.colcon_core.shell[0m [1;30mINFO[0m Skip shell extension 'powershell' for command environment: Not usable outside of PowerShell
[1.235s] [34mcolcon.colcon_core.shell[0m [1;30mDEBUG[0m [32mSkip shell extension 'dsv' for command environment[0m
[1.352s] [34mcolcon.colcon_ros.task.ament_cmake.build[0m [1;30mINFO[0m Building ROS package in '/home/xavi/yolov9_ros/src/yolov9_msgs' with build type 'ament_cmake'
[1.352s] [34mcolcon.colcon_cmake.task.cmake.build[0m [1;30mINFO[0m Building CMake package in '/home/xavi/yolov9_ros/src/yolov9_msgs'
[1.364s] [34mcolcon.colcon_core.shell[0m [1;30mINFO[0m Skip shell extension 'powershell' for command environment: Not usable outside of PowerShell
[1.364s] [34mcolcon.colcon_core.shell[0m [1;30mDEBUG[0m [32mSkip shell extension 'dsv' for command environment[0m
[1.697s] [34mcolcon.colcon_ros.task.ament_python.build[0m [1;30mWARNING[0m [33mPackage 'yolov9' doesn't explicitly install the 'package.xml' file (colcon-ros currently does it implicitly but that fallback will be removed in the future)[0m
[1.697s] [34mcolcon.colcon_core.task.python.build[0m [1;30mINFO[0m Building Python package in '/home/xavi/yolov9_ros/src/yolov9'
[1.717s] [34mcolcon.colcon_core.shell[0m [1;30mINFO[0m Skip shell extension 'powershell' for command environment: Not usable outside of PowerShell
[1.717s] [34mcolcon.colcon_core.shell[0m [1;30mDEBUG[0m [32mSkip shell extension 'dsv' for command environment[0m
[1.838s] [34mcolcon.colcon_core.event_handler.log_command[0m [1;30mDEBUG[0m [32mInvoking command in '/home/xavi/yolov9_ros/build/yolov9_msgs': CMAKE_PREFIX_PATH=${CMAKE_PREFIX_PATH}:/home/xavi/yolov9_ros/install/yolov9:/home/xavi/ROSBOAT_GUI/install/rosboat_gui:/home/xavi/FAU_GUI/install/fau_gui:/home/xavi/High_Level1/install/yolov9:/home/xavi/High_Level1/install/yolov8_ros:/home/xavi/High_Level1/install/vision_py:/opt/ros/humble /usr/bin/cmake /home/xavi/yolov9_ros/src/yolov9_msgs -DCMAKE_INSTALL_PREFIX=/home/xavi/yolov9_ros/install/yolov9_msgs[0m
[2.178s] [34mcolcon.colcon_core.event_handler.log_command[0m [1;30mDEBUG[0m [32mInvoking command in '/home/xavi/yolov9_ros/src/yolov9': PYTHONPATH=/home/xavi/yolov9_ros/build/yolov9/prefix_override:/home/xavi/yolov9_ros/install/yolov9/lib/python3.10/site-packages:${PYTHONPATH} /usr/bin/python3 setup.py egg_info --egg-base ../../build/yolov9 build --build-base /home/xavi/yolov9_ros/build/yolov9/build install --record /home/xavi/yolov9_ros/build/yolov9/install.log --single-version-externally-managed[0m
[2.456s] [34mcolcon.colcon_core.event_handler.log_command[0m [1;30mDEBUG[0m [32mInvoked command in '/home/xavi/yolov9_ros/src/yolov9' returned '0': PYTHONPATH=/home/xavi/yolov9_ros/build/yolov9/prefix_override:/home/xavi/yolov9_ros/install/yolov9/lib/python3.10/site-packages:${PYTHONPATH} /usr/bin/python3 setup.py egg_info --egg-base ../../build/yolov9 build --build-base /home/xavi/yolov9_ros/build/yolov9/build install --record /home/xavi/yolov9_ros/build/yolov9/install.log --single-version-externally-managed[0m
[2.469s] [34mcolcon.colcon_core.environment[0m [1;30mLevel 1[0m checking '/home/xavi/yolov9_ros/install/yolov9' for CMake module files
[2.469s] [34mcolcon.colcon_core.environment[0m [1;30mLevel 1[0m checking '/home/xavi/yolov9_ros/install/yolov9' for CMake config files
[2.470s] [34mcolcon.colcon_core.environment[0m [1;30mLevel 1[0m checking '/home/xavi/yolov9_ros/install/yolov9/lib'
[2.470s] [34mcolcon.colcon_core.environment[0m [1;30mLevel 1[0m checking '/home/xavi/yolov9_ros/install/yolov9/bin'
[2.470s] [34mcolcon.colcon_core.environment[0m [1;30mLevel 1[0m checking '/home/xavi/yolov9_ros/install/yolov9/lib/pkgconfig/yolov9.pc'
[2.470s] [34mcolcon.colcon_core.environment[0m [1;30mLevel 1[0m checking '/home/xavi/yolov9_ros/install/yolov9/lib/python3.10/site-packages'
[2.470s] [34mcolcon.colcon_core.shell[0m [1;30mLevel 1[0m create_environment_hook('yolov9', 'pythonpath')
[2.482s] [34mcolcon.colcon_core.shell[0m [1;30mINFO[0m Creating environment hook '/home/xavi/yolov9_ros/install/yolov9/share/yolov9/hook/pythonpath.ps1'
[2.482s] [34mcolcon.colcon_core.shell[0m [1;30mINFO[0m Creating environment descriptor '/home/xavi/yolov9_ros/install/yolov9/share/yolov9/hook/pythonpath.dsv'
[2.482s] [34mcolcon.colcon_core.shell[0m [1;30mINFO[0m Creating environment hook '/home/xavi/yolov9_ros/install/yolov9/share/yolov9/hook/pythonpath.sh'
[2.482s] [34mcolcon.colcon_core.environment[0m [1;30mLevel 1[0m checking '/home/xavi/yolov9_ros/install/yolov9/bin'
[2.482s] [34mcolcon.colcon_core.environment[0m [1;30mLevel 1[0m create_environment_scripts_only(yolov9)
[2.494s] [34mcolcon.colcon_core.shell[0m [1;30mINFO[0m Creating package script '/home/xavi/yolov9_ros/install/yolov9/share/yolov9/package.ps1'
[2.494s] [34mcolcon.colcon_core.shell[0m [1;30mINFO[0m Creating package descriptor '/home/xavi/yolov9_ros/install/yolov9/share/yolov9/package.dsv'
[2.495s] [34mcolcon.colcon_core.shell[0m [1;30mINFO[0m Creating package script '/home/xavi/yolov9_ros/install/yolov9/share/yolov9/package.sh'
[2.495s] [34mcolcon.colcon_core.shell[0m [1;30mINFO[0m Creating package script '/home/xavi/yolov9_ros/install/yolov9/share/yolov9/package.bash'
[2.495s] [34mcolcon.colcon_core.shell[0m [1;30mINFO[0m Creating package script '/home/xavi/yolov9_ros/install/yolov9/share/yolov9/package.zsh'
[2.496s] [34mcolcon.colcon_core.environment[0m [1;30mLevel 1[0m create_file_with_runtime_dependencies(/home/xavi/yolov9_ros/install/yolov9/share/colcon-core/packages/yolov9)
[5.772s] [34mcolcon.colcon_core.event_handler.log_command[0m [1;30mDEBUG[0m [32mInvoked command in '/home/xavi/yolov9_ros/build/yolov9_msgs' returned '0': CMAKE_PREFIX_PATH=${CMAKE_PREFIX_PATH}:/home/xavi/yolov9_ros/install/yolov9:/home/xavi/ROSBOAT_GUI/install/rosboat_gui:/home/xavi/FAU_GUI/install/fau_gui:/home/xavi/High_Level1/install/yolov9:/home/xavi/High_Level1/install/yolov8_ros:/home/xavi/High_Level1/install/vision_py:/opt/ros/humble /usr/bin/cmake /home/xavi/yolov9_ros/src/yolov9_msgs -DCMAKE_INSTALL_PREFIX=/home/xavi/yolov9_ros/install/yolov9_msgs[0m
[5.772s] [34mcolcon.colcon_core.event_handler.log_command[0m [1;30mDEBUG[0m [32mInvoking command in '/home/xavi/yolov9_ros/build/yolov9_msgs': CMAKE_PREFIX_PATH=${CMAKE_PREFIX_PATH}:/home/xavi/yolov9_ros/install/yolov9:/home/xavi/ROSBOAT_GUI/install/rosboat_gui:/home/xavi/FAU_GUI/install/fau_gui:/home/xavi/High_Level1/install/yolov9:/home/xavi/High_Level1/install/yolov8_ros:/home/xavi/High_Level1/install/vision_py:/opt/ros/humble /usr/bin/cmake --build /home/xavi/yolov9_ros/build/yolov9_msgs -- -j20 -l20[0m
[7.220s] [34mcolcon.colcon_core.event_handler.log_command[0m [1;30mDEBUG[0m [32mInvoked command in '/home/xavi/yolov9_ros/build/yolov9_msgs' returned '0': CMAKE_PREFIX_PATH=${CMAKE_PREFIX_PATH}:/home/xavi/yolov9_ros/install/yolov9:/home/xavi/ROSBOAT_GUI/install/rosboat_gui:/home/xavi/FAU_GUI/install/fau_gui:/home/xavi/High_Level1/install/yolov9:/home/xavi/High_Level1/install/yolov8_ros:/home/xavi/High_Level1/install/vision_py:/opt/ros/humble /usr/bin/cmake --build /home/xavi/yolov9_ros/build/yolov9_msgs -- -j20 -l20[0m
[7.334s] [34mcolcon.colcon_core.event_handler.log_command[0m [1;30mDEBUG[0m [32mInvoking command in '/home/xavi/yolov9_ros/build/yolov9_msgs': CMAKE_PREFIX_PATH=${CMAKE_PREFIX_PATH}:/home/xavi/yolov9_ros/install/yolov9:/home/xavi/ROSBOAT_GUI/install/rosboat_gui:/home/xavi/FAU_GUI/install/fau_gui:/home/xavi/High_Level1/install/yolov9:/home/xavi/High_Level1/install/yolov8_ros:/home/xavi/High_Level1/install/vision_py:/opt/ros/humble /usr/bin/cmake --install /home/xavi/yolov9_ros/build/yolov9_msgs[0m
[7.477s] [34mcolcon.colcon_core.environment[0m [1;30mLevel 1[0m create_environment_scripts_only(yolov9_msgs)
[7.478s] [34mcolcon.colcon_core.event_handler.log_command[0m [1;30mDEBUG[0m [32mInvoked command in '/home/xavi/yolov9_ros/build/yolov9_msgs' returned '0': CMAKE_PREFIX_PATH=${CMAKE_PREFIX_PATH}:/home/xavi/yolov9_ros/install/yolov9:/home/xavi/ROSBOAT_GUI/install/rosboat_gui:/home/xavi/FAU_GUI/install/fau_gui:/home/xavi/High_Level1/install/yolov9:/home/xavi/High_Level1/install/yolov8_ros:/home/xavi/High_Level1/install/vision_py:/opt/ros/humble /usr/bin/cmake --install /home/xavi/yolov9_ros/build/yolov9_msgs[0m
[7.490s] [34mcolcon.colcon_core.environment[0m [1;30mLevel 1[0m checking '/home/xavi/yolov9_ros/install/yolov9_msgs' for CMake module files
[7.491s] [34mcolcon.colcon_core.environment[0m [1;30mLevel 1[0m checking '/home/xavi/yolov9_ros/install/yolov9_msgs' for CMake config files
[7.491s] [34mcolcon.colcon_core.shell[0m [1;30mLevel 1[0m create_environment_hook('yolov9_msgs', 'cmake_prefix_path')
[7.503s] [34mcolcon.colcon_core.shell[0m [1;30mINFO[0m Creating environment hook '/home/xavi/yolov9_ros/install/yolov9_msgs/share/yolov9_msgs/hook/cmake_prefix_path.ps1'
[7.503s] [34mcolcon.colcon_core.shell[0m [1;30mINFO[0m Creating environment descriptor '/home/xavi/yolov9_ros/install/yolov9_msgs/share/yolov9_msgs/hook/cmake_prefix_path.dsv'
[7.503s] [34mcolcon.colcon_core.shell[0m [1;30mINFO[0m Creating environment hook '/home/xavi/yolov9_ros/install/yolov9_msgs/share/yolov9_msgs/hook/cmake_prefix_path.sh'
[7.504s] [34mcolcon.colcon_core.environment[0m [1;30mLevel 1[0m checking '/home/xavi/yolov9_ros/install/yolov9_msgs/lib'
[7.504s] [34mcolcon.colcon_core.shell[0m [1;30mLevel 1[0m create_environment_hook('yolov9_msgs', 'ld_library_path_lib')
[7.515s] [34mcolcon.colcon_core.shell[0m [1;30mINFO[0m Creating environment hook '/home/xavi/yolov9_ros/install/yolov9_msgs/share/yolov9_msgs/hook/ld_library_path_lib.ps1'
[7.516s] [34mcolcon.colcon_core.shell[0m [1;30mINFO[0m Creating environment descriptor '/home/xavi/yolov9_ros/install/yolov9_msgs/share/yolov9_msgs/hook/ld_library_path_lib.dsv'
[7.516s] [34mcolcon.colcon_core.shell[0m [1;30mINFO[0m Creating environment hook '/home/xavi/yolov9_ros/install/yolov9_msgs/share/yolov9_msgs/hook/ld_library_path_lib.sh'
[7.516s] [34mcolcon.colcon_core.environment[0m [1;30mLevel 1[0m checking '/home/xavi/yolov9_ros/install/yolov9_msgs/bin'
[7.516s] [34mcolcon.colcon_core.environment[0m [1;30mLevel 1[0m checking '/home/xavi/yolov9_ros/install/yolov9_msgs/lib/pkgconfig/yolov9_msgs.pc'
[7.516s] [34mcolcon.colcon_core.environment[0m [1;30mLevel 1[0m checking '/home/xavi/yolov9_ros/install/yolov9_msgs/lib/python3.10/site-packages'
[7.516s] [34mcolcon.colcon_core.environment[0m [1;30mLevel 1[0m checking '/home/xavi/yolov9_ros/install/yolov9_msgs/bin'
[7.528s] [34mcolcon.colcon_core.shell[0m [1;30mINFO[0m Creating package script '/home/xavi/yolov9_ros/install/yolov9_msgs/share/yolov9_msgs/package.ps1'
[7.528s] [34mcolcon.colcon_core.shell[0m [1;30mINFO[0m Creating package descriptor '/home/xavi/yolov9_ros/install/yolov9_msgs/share/yolov9_msgs/package.dsv'
[7.528s] [34mcolcon.colcon_core.shell[0m [1;30mINFO[0m Creating package script '/home/xavi/yolov9_ros/install/yolov9_msgs/share/yolov9_msgs/package.sh'
[7.528s] [34mcolcon.colcon_core.shell[0m [1;30mINFO[0m Creating package script '/home/xavi/yolov9_ros/install/yolov9_msgs/share/yolov9_msgs/package.bash'
[7.528s] [34mcolcon.colcon_core.shell[0m [1;30mINFO[0m Creating package script '/home/xavi/yolov9_ros/install/yolov9_msgs/share/yolov9_msgs/package.zsh'
[7.529s] [34mcolcon.colcon_core.environment[0m [1;30mLevel 1[0m create_file_with_runtime_dependencies(/home/xavi/yolov9_ros/install/yolov9_msgs/share/colcon-core/packages/yolov9_msgs)
[7.620s] [34mcolcon.colcon_core.environment[0m [1;30mLevel 1[0m create_environment_scripts_only(yolov9_msgs)
[7.632s] [34mcolcon.colcon_core.environment[0m [1;30mLevel 1[0m checking '/home/xavi/yolov9_ros/install/yolov9_msgs' for CMake module files
[7.632s] [34mcolcon.colcon_core.environment[0m [1;30mLevel 1[0m checking '/home/xavi/yolov9_ros/install/yolov9_msgs' for CMake config files
[7.632s] [34mcolcon.colcon_core.shell[0m [1;30mLevel 1[0m create_environment_hook('yolov9_msgs', 'cmake_prefix_path')
[7.644s] [34mcolcon.colcon_core.shell[0m [1;30mINFO[0m Creating environment hook '/home/xavi/yolov9_ros/install/yolov9_msgs/share/yolov9_msgs/hook/cmake_prefix_path.ps1'
[7.644s] [34mcolcon.colcon_core.shell[0m [1;30mINFO[0m Creating environment descriptor '/home/xavi/yolov9_ros/install/yolov9_msgs/share/yolov9_msgs/hook/cmake_prefix_path.dsv'
[7.644s] [34mcolcon.colcon_core.shell[0m [1;30mINFO[0m Creating environment hook '/home/xavi/yolov9_ros/install/yolov9_msgs/share/yolov9_msgs/hook/cmake_prefix_path.sh'
[7.645s] [34mcolcon.colcon_core.environment[0m [1;30mLevel 1[0m checking '/home/xavi/yolov9_ros/install/yolov9_msgs/lib'
[7.645s] [34mcolcon.colcon_core.shell[0m [1;30mLevel 1[0m create_environment_hook('yolov9_msgs', 'ld_library_path_lib')
[7.656s] [34mcolcon.colcon_core.shell[0m [1;30mINFO[0m Creating environment hook '/home/xavi/yolov9_ros/install/yolov9_msgs/share/yolov9_msgs/hook/ld_library_path_lib.ps1'
[7.656s] [34mcolcon.colcon_core.shell[0m [1;30mINFO[0m Creating environment descriptor '/home/xavi/yolov9_ros/install/yolov9_msgs/share/yolov9_msgs/hook/ld_library_path_lib.dsv'
[7.656s] [34mcolcon.colcon_core.shell[0m [1;30mINFO[0m Creating environment hook '/home/xavi/yolov9_ros/install/yolov9_msgs/share/yolov9_msgs/hook/ld_library_path_lib.sh'
[7.657s] [34mcolcon.colcon_core.environment[0m [1;30mLevel 1[0m checking '/home/xavi/yolov9_ros/install/yolov9_msgs/bin'
[7.657s] [34mcolcon.colcon_core.environment[0m [1;30mLevel 1[0m checking '/home/xavi/yolov9_ros/install/yolov9_msgs/lib/pkgconfig/yolov9_msgs.pc'
[7.657s] [34mcolcon.colcon_core.environment[0m [1;30mLevel 1[0m checking '/home/xavi/yolov9_ros/install/yolov9_msgs/lib/python3.10/site-packages'
[7.657s] [34mcolcon.colcon_core.environment[0m [1;30mLevel 1[0m checking '/home/xavi/yolov9_ros/install/yolov9_msgs/bin'
[7.669s] [34mcolcon.colcon_core.shell[0m [1;30mINFO[0m Creating package script '/home/xavi/yolov9_ros/install/yolov9_msgs/share/yolov9_msgs/package.ps1'
[7.669s] [34mcolcon.colcon_core.shell[0m [1;30mINFO[0m Creating package descriptor '/home/xavi/yolov9_ros/install/yolov9_msgs/share/yolov9_msgs/package.dsv'
[7.669s] [34mcolcon.colcon_core.shell[0m [1;30mINFO[0m Creating package script '/home/xavi/yolov9_ros/install/yolov9_msgs/share/yolov9_msgs/package.sh'
[7.670s] [34mcolcon.colcon_core.shell[0m [1;30mINFO[0m Creating package script '/home/xavi/yolov9_ros/install/yolov9_msgs/share/yolov9_msgs/package.bash'
[7.670s] [34mcolcon.colcon_core.shell[0m [1;30mINFO[0m Creating package script '/home/xavi/yolov9_ros/install/yolov9_msgs/share/yolov9_msgs/package.zsh'
[7.670s] [34mcolcon.colcon_core.environment[0m [1;30mLevel 1[0m create_file_with_runtime_dependencies(/home/xavi/yolov9_ros/install/yolov9_msgs/share/colcon-core/packages/yolov9_msgs)
[7.670s] [34mcolcon.colcon_parallel_executor.executor.parallel[0m [1;30mDEBUG[0m [32mclosing loop[0m
[7.670s] [34mcolcon.colcon_parallel_executor.executor.parallel[0m [1;30mDEBUG[0m [32mloop closed[0m
[7.670s] [34mcolcon.colcon_parallel_executor.executor.parallel[0m [1;30mDEBUG[0m [32mrun_until_complete finished with '0'[0m
[7.670s] [34mcolcon.colcon_core.event_reactor[0m [1;30mDEBUG[0m [32mjoining thread[0m
[7.685s] [34mcolcon.colcon_core.plugin_system[0m [1;30mINFO[0m Skipping extension 'colcon_notification.desktop_notification.terminal_notifier': Not used on non-Darwin systems
[7.685s] [34mcolcon.colcon_core.plugin_system[0m [1;30mINFO[0m Skipping extension 'colcon_notification.desktop_notification.win32': Not used on non-Windows systems
[7.686s] [34mcolcon.colcon_notification.desktop_notification[0m [1;30mINFO[0m Sending desktop notification using 'notify2'
[7.695s] [34mcolcon.colcon_core.event_reactor[0m [1;30mDEBUG[0m [32mjoined thread[0m
[7.709s] [34mcolcon.colcon_core.shell[0m [1;30mINFO[0m Creating prefix script '/home/xavi/yolov9_ros/install/local_setup.ps1'
[7.709s] [34mcolcon.colcon_core.shell[0m [1;30mINFO[0m Creating prefix util module '/home/xavi/yolov9_ros/install/_local_setup_util_ps1.py'
[7.710s] [34mcolcon.colcon_core.shell[0m [1;30mINFO[0m Creating prefix chain script '/home/xavi/yolov9_ros/install/setup.ps1'
[7.723s] [34mcolcon.colcon_core.shell[0m [1;30mINFO[0m Creating prefix script '/home/xavi/yolov9_ros/install/local_setup.sh'
[7.723s] [34mcolcon.colcon_core.shell[0m [1;30mINFO[0m Creating prefix util module '/home/xavi/yolov9_ros/install/_local_setup_util_sh.py'
[7.723s] [34mcolcon.colcon_core.shell[0m [1;30mINFO[0m Creating prefix chain script '/home/xavi/yolov9_ros/install/setup.sh'
[7.736s] [34mcolcon.colcon_core.shell[0m [1;30mINFO[0m Creating prefix script '/home/xavi/yolov9_ros/install/local_setup.bash'
[7.736s] [34mcolcon.colcon_core.shell[0m [1;30mINFO[0m Creating prefix chain script '/home/xavi/yolov9_ros/install/setup.bash'
[7.749s] [34mcolcon.colcon_core.shell[0m [1;30mINFO[0m Creating prefix script '/home/xavi/yolov9_ros/install/local_setup.zsh'
[7.749s] [34mcolcon.colcon_core.shell[0m [1;30mINFO[0m Creating prefix chain script '/home/xavi/yolov9_ros/install/setup.zsh'
