/home/xavi/yolov9_ros/install/yolov9/lib/python3.10/site-packages/yolov9/val.py
/home/xavi/yolov9_ros/install/yolov9/lib/python3.10/site-packages/yolov9/detect_ros.py
/home/xavi/yolov9_ros/install/yolov9/lib/python3.10/site-packages/yolov9/detect_dual.py
/home/xavi/yolov9_ros/install/yolov9/lib/python3.10/site-packages/yolov9/benchmarks.py
/home/xavi/yolov9_ros/install/yolov9/lib/python3.10/site-packages/yolov9/hubconf.py
/home/xavi/yolov9_ros/install/yolov9/lib/python3.10/site-packages/yolov9/train_triple.py
/home/xavi/yolov9_ros/install/yolov9/lib/python3.10/site-packages/yolov9/val_dual.py
/home/xavi/yolov9_ros/install/yolov9/lib/python3.10/site-packages/yolov9/detect.py
/home/xavi/yolov9_ros/install/yolov9/lib/python3.10/site-packages/yolov9/train_dual.py
/home/xavi/yolov9_ros/install/yolov9/lib/python3.10/site-packages/yolov9/__init__.py
/home/xavi/yolov9_ros/install/yolov9/lib/python3.10/site-packages/yolov9/export.py
/home/xavi/yolov9_ros/install/yolov9/lib/python3.10/site-packages/yolov9/stream.py
/home/xavi/yolov9_ros/install/yolov9/lib/python3.10/site-packages/yolov9/train.py
/home/xavi/yolov9_ros/install/yolov9/lib/python3.10/site-packages/yolov9/val_triple.py
/home/xavi/yolov9_ros/install/yolov9/lib/python3.10/site-packages/yolov9/__pycache__/val.cpython-310.pyc
/home/xavi/yolov9_ros/install/yolov9/lib/python3.10/site-packages/yolov9/__pycache__/detect_ros.cpython-310.pyc
/home/xavi/yolov9_ros/install/yolov9/lib/python3.10/site-packages/yolov9/__pycache__/detect_dual.cpython-310.pyc
/home/xavi/yolov9_ros/install/yolov9/lib/python3.10/site-packages/yolov9/__pycache__/benchmarks.cpython-310.pyc
/home/xavi/yolov9_ros/install/yolov9/lib/python3.10/site-packages/yolov9/__pycache__/hubconf.cpython-310.pyc
/home/xavi/yolov9_ros/install/yolov9/lib/python3.10/site-packages/yolov9/__pycache__/train_triple.cpython-310.pyc
/home/xavi/yolov9_ros/install/yolov9/lib/python3.10/site-packages/yolov9/__pycache__/val_dual.cpython-310.pyc
/home/xavi/yolov9_ros/install/yolov9/lib/python3.10/site-packages/yolov9/__pycache__/detect.cpython-310.pyc
/home/xavi/yolov9_ros/install/yolov9/lib/python3.10/site-packages/yolov9/__pycache__/train_dual.cpython-310.pyc
/home/xavi/yolov9_ros/install/yolov9/lib/python3.10/site-packages/yolov9/__pycache__/__init__.cpython-310.pyc
/home/xavi/yolov9_ros/install/yolov9/lib/python3.10/site-packages/yolov9/__pycache__/export.cpython-310.pyc
/home/xavi/yolov9_ros/install/yolov9/lib/python3.10/site-packages/yolov9/__pycache__/stream.cpython-310.pyc
/home/xavi/yolov9_ros/install/yolov9/lib/python3.10/site-packages/yolov9/__pycache__/train.cpython-310.pyc
/home/xavi/yolov9_ros/install/yolov9/lib/python3.10/site-packages/yolov9/__pycache__/val_triple.cpython-310.pyc
/home/xavi/yolov9_ros/install/yolov9/share/ament_index/resource_index/packages/yolov9
/home/xavi/yolov9_ros/install/yolov9/share/yolov9/yolov9.launch.py
/home/xavi/yolov9_ros/install/yolov9/lib/python3.10/site-packages/yolov9-0.0.1-py3.10.egg-info/entry_points.txt
/home/xavi/yolov9_ros/install/yolov9/lib/python3.10/site-packages/yolov9-0.0.1-py3.10.egg-info/PKG-INFO
/home/xavi/yolov9_ros/install/yolov9/lib/python3.10/site-packages/yolov9-0.0.1-py3.10.egg-info/requires.txt
/home/xavi/yolov9_ros/install/yolov9/lib/python3.10/site-packages/yolov9-0.0.1-py3.10.egg-info/dependency_links.txt
/home/xavi/yolov9_ros/install/yolov9/lib/python3.10/site-packages/yolov9-0.0.1-py3.10.egg-info/top_level.txt
/home/xavi/yolov9_ros/install/yolov9/lib/python3.10/site-packages/yolov9-0.0.1-py3.10.egg-info/SOURCES.txt
/home/xavi/yolov9_ros/install/yolov9/lib/python3.10/site-packages/yolov9-0.0.1-py3.10.egg-info/zip-safe
/home/xavi/yolov9_ros/install/yolov9/lib/yolov9/detector
/home/xavi/yolov9_ros/install/yolov9/lib/yolov9/stream
